TN:
SF:src/api/controllers/AccountController.ts
FN:15,(anonymous_0)
FN:75,(anonymous_1)
FN:118,(anonymous_2)
FN:143,(anonymous_3)
FN:173,(anonymous_4)
FN:203,(anonymous_5)
FN:228,(anonymous_6)
FN:253,(anonymous_7)
FN:270,(anonymous_8)
FN:280,(anonymous_9)
FN:305,(anonymous_10)
FN:341,(anonymous_11)
FN:374,(anonymous_12)
FN:402,(anonymous_13)
FNF:14
FNH:7
FNDA:4,(anonymous_0)
FNDA:2,(anonymous_1)
FNDA:0,(anonymous_2)
FNDA:2,(anonymous_3)
FNDA:2,(anonymous_4)
FNDA:2,(anonymous_5)
FNDA:2,(anonymous_6)
FNDA:0,(anonymous_7)
FNDA:1,(anonymous_8)
FNDA:0,(anonymous_9)
FNDA:0,(anonymous_10)
FNDA:0,(anonymous_11)
FNDA:0,(anonymous_12)
FNDA:0,(anonymous_13)
DA:2,1
DA:3,1
DA:4,1
DA:5,1
DA:6,1
DA:7,1
DA:10,1
DA:16,4
DA:17,4
DA:20,4
DA:21,1
DA:27,3
DA:28,1
DA:35,2
DA:36,2
DA:37,0
DA:43,2
DA:52,1
DA:55,1
DA:57,1
DA:62,1
DA:63,1
DA:76,2
DA:78,2
DA:80,2
DA:83,2
DA:86,2
DA:87,2
DA:90,2
DA:99,2
DA:100,2
DA:101,0
DA:102,0
DA:103,0
DA:106,2
DA:110,2
DA:111,0
DA:113,2
DA:115,2
DA:118,2
DA:121,0
DA:122,0
DA:125,0
DA:126,0
DA:128,0
DA:129,0
DA:131,2
DA:132,2
DA:144,2
DA:145,2
DA:147,2
DA:149,2
DA:150,2
DA:157,0
DA:159,0
DA:161,0
DA:162,0
DA:174,2
DA:175,2
DA:176,2
DA:178,2
DA:181,1
DA:184,1
DA:186,1
DA:191,1
DA:192,1
DA:204,2
DA:205,2
DA:207,2
DA:210,1
DA:212,1
DA:216,1
DA:217,1
DA:229,2
DA:230,2
DA:232,2
DA:233,1
DA:240,1
DA:242,1
DA:245,1
DA:246,0
DA:249,1
DA:253,0
DA:257,1
DA:258,1
DA:271,1
DA:273,1
DA:275,1
DA:278,1
DA:280,0
DA:283,1
DA:285,1
DA:290,1
DA:291,1
DA:293,0
DA:294,0
DA:306,0
DA:307,0
DA:309,0
DA:311,0
DA:313,0
DA:314,0
DA:322,0
DA:329,0
DA:330,0
DA:342,0
DA:343,0
DA:345,0
DA:347,0
DA:349,0
DA:350,0
DA:356,0
DA:362,0
DA:363,0
DA:375,0
DA:376,0
DA:378,0
DA:380,0
DA:382,0
DA:390,0
DA:391,0
DA:403,0
DA:404,0
DA:405,0
DA:407,0
DA:408,0
DA:414,0
DA:416,0
DA:418,0
DA:419,0
DA:425,0
DA:431,0
DA:432,0
DA:440,1
LF:134
LH:77
BRDA:20,0,0,1
BRDA:20,0,1,3
BRDA:20,1,0,4
BRDA:20,1,1,3
BRDA:27,2,0,1
BRDA:27,2,1,2
BRDA:27,3,0,3
BRDA:27,3,1,3
BRDA:36,4,0,0
BRDA:36,4,1,2
BRDA:65,5,0,1
BRDA:65,5,1,0
BRDA:80,6,0,2
BRDA:80,6,1,2
BRDA:91,7,0,0
BRDA:91,7,1,2
BRDA:93,8,0,2
BRDA:93,8,1,2
BRDA:94,9,0,2
BRDA:94,9,1,2
BRDA:100,10,0,0
BRDA:100,10,1,2
BRDA:110,11,0,0
BRDA:110,11,1,2
BRDA:134,12,0,2
BRDA:134,12,1,0
BRDA:149,13,0,2
BRDA:149,13,1,0
BRDA:164,14,0,0
BRDA:164,14,1,0
BRDA:194,15,0,1
BRDA:194,15,1,0
BRDA:219,16,0,1
BRDA:219,16,1,0
BRDA:232,17,0,1
BRDA:232,17,1,1
BRDA:232,18,0,2
BRDA:232,18,1,2
BRDA:240,19,0,1
BRDA:240,19,1,1
BRDA:245,20,0,0
BRDA:245,20,1,1
BRDA:260,21,0,1
BRDA:260,21,1,0
BRDA:275,22,0,1
BRDA:275,22,1,1
BRDA:296,23,0,0
BRDA:296,23,1,0
BRDA:313,24,0,0
BRDA:313,24,1,0
BRDA:316,25,0,0
BRDA:316,25,1,0
BRDA:332,26,0,0
BRDA:332,26,1,0
BRDA:349,27,0,0
BRDA:349,27,1,0
BRDA:352,28,0,0
BRDA:352,28,1,0
BRDA:365,29,0,0
BRDA:365,29,1,0
BRDA:376,30,0,0
BRDA:376,30,1,0
BRDA:393,31,0,0
BRDA:393,31,1,0
BRDA:407,32,0,0
BRDA:407,32,1,0
BRDA:418,33,0,0
BRDA:418,33,1,0
BRDA:421,34,0,0
BRDA:421,34,1,0
BRDA:434,35,0,0
BRDA:434,35,1,0
BRF:72
BRH:33
end_of_record
TN:
SF:src/api/controllers/DistributionController.ts
FN:6,(anonymous_0)
FN:19,(anonymous_1)
FN:26,(anonymous_2)
FNF:3
FNH:0
FNDA:0,(anonymous_0)
FNDA:0,(anonymous_1)
FNDA:0,(anonymous_2)
DA:2,0
DA:3,0
DA:5,0
DA:7,0
DA:8,0
DA:9,0
DA:10,0
DA:11,0
DA:12,0
DA:15,0
DA:16,0
DA:17,0
DA:20,0
DA:21,0
DA:22,0
DA:23,0
DA:24,0
DA:27,0
DA:28,0
DA:29,0
DA:30,0
DA:33,0
LF:22
LH:0
BRDA:8,0,0,0
BRDA:8,0,1,0
BRDA:10,1,0,0
BRDA:10,1,1,0
BRDA:10,2,0,0
BRDA:10,2,1,0
BRDA:10,2,2,0
BRDA:11,3,0,0
BRDA:11,3,1,0
BRDA:11,4,0,0
BRDA:11,4,1,0
BRDA:15,5,0,0
BRDA:15,5,1,0
BRDA:22,6,0,0
BRDA:22,6,1,0
BRF:15
BRH:0
end_of_record
TN:
SF:src/api/controllers/GroupController.ts
FN:15,(anonymous_0)
FN:58,(anonymous_1)
FN:81,(anonymous_2)
FN:108,(anonymous_3)
FN:141,(anonymous_4)
FN:164,(anonymous_5)
FN:187,(anonymous_6)
FN:219,(anonymous_7)
FN:251,(anonymous_8)
FN:274,(anonymous_9)
FNF:10
FNH:0
FNDA:0,(anonymous_0)
FNDA:0,(anonymous_1)
FNDA:0,(anonymous_2)
FNDA:0,(anonymous_3)
FNDA:0,(anonymous_4)
FNDA:0,(anonymous_5)
FNDA:0,(anonymous_6)
FNDA:0,(anonymous_7)
FNDA:0,(anonymous_8)
FNDA:0,(anonymous_9)
DA:2,0
DA:3,0
DA:10,0
DA:16,0
DA:17,0
DA:18,0
DA:20,0
DA:21,0
DA:27,0
DA:36,0
DA:38,0
DA:40,0
DA:46,0
DA:47,0
DA:59,0
DA:60,0
DA:62,0
DA:64,0
DA:69,0
DA:70,0
DA:82,0
DA:83,0
DA:85,0
DA:87,0
DA:88,0
DA:94,0
DA:96,0
DA:97,0
DA:109,0
DA:110,0
DA:111,0
DA:113,0
DA:114,0
DA:115,0
DA:116,0
DA:117,0
DA:118,0
DA:119,0
DA:121,0
DA:123,0
DA:129,0
DA:130,0
DA:142,0
DA:143,0
DA:145,0
DA:147,0
DA:152,0
DA:153,0
DA:165,0
DA:166,0
DA:168,0
DA:170,0
DA:175,0
DA:176,0
DA:188,0
DA:189,0
DA:190,0
DA:192,0
DA:193,0
DA:199,0
DA:201,0
DA:207,0
DA:208,0
DA:220,0
DA:221,0
DA:222,0
DA:224,0
DA:225,0
DA:231,0
DA:233,0
DA:239,0
DA:240,0
DA:252,0
DA:253,0
DA:255,0
DA:257,0
DA:262,0
DA:263,0
DA:275,0
DA:276,0
DA:277,0
DA:279,0
DA:280,0
DA:286,0
DA:288,0
DA:296,0
DA:297,0
DA:305,0
LF:88
LH:0
BRDA:17,0,0,0
BRDA:17,0,1,0
BRDA:20,1,0,0
BRDA:20,1,1,0
BRDA:49,2,0,0
BRDA:49,2,1,0
BRDA:60,3,0,0
BRDA:60,3,1,0
BRDA:72,4,0,0
BRDA:72,4,1,0
BRDA:87,5,0,0
BRDA:87,5,1,0
BRDA:99,6,0,0
BRDA:99,6,1,0
BRDA:114,7,0,0
BRDA:114,7,1,0
BRDA:115,8,0,0
BRDA:115,8,1,0
BRDA:116,9,0,0
BRDA:116,9,1,0
BRDA:117,10,0,0
BRDA:117,10,1,0
BRDA:118,11,0,0
BRDA:118,11,1,0
BRDA:119,12,0,0
BRDA:119,12,1,0
BRDA:132,13,0,0
BRDA:132,13,1,0
BRDA:155,14,0,0
BRDA:155,14,1,0
BRDA:178,15,0,0
BRDA:178,15,1,0
BRDA:192,16,0,0
BRDA:192,16,1,0
BRDA:192,17,0,0
BRDA:192,17,1,0
BRDA:192,17,2,0
BRDA:210,18,0,0
BRDA:210,18,1,0
BRDA:224,19,0,0
BRDA:224,19,1,0
BRDA:224,20,0,0
BRDA:224,20,1,0
BRDA:224,20,2,0
BRDA:242,21,0,0
BRDA:242,21,1,0
BRDA:265,22,0,0
BRDA:265,22,1,0
BRDA:279,23,0,0
BRDA:279,23,1,0
BRDA:299,24,0,0
BRDA:299,24,1,0
BRF:52
BRH:0
end_of_record
TN:
SF:src/api/controllers/HealthController.ts
FN:23,(anonymous_1)
FN:47,(anonymous_2)
FN:82,(anonymous_3)
FN:113,(anonymous_4)
FN:147,(anonymous_5)
FN:182,(anonymous_6)
FN:210,(anonymous_7)
FN:234,(anonymous_8)
FN:259,(anonymous_9)
FN:290,(anonymous_10)
FN:321,(anonymous_11)
FN:355,(anonymous_12)
FN:386,(anonymous_13)
FN:420,(anonymous_14)
FNF:14
FNH:3
FNDA:4,(anonymous_1)
FNDA:3,(anonymous_2)
FNDA:4,(anonymous_3)
FNDA:0,(anonymous_4)
FNDA:0,(anonymous_5)
FNDA:0,(anonymous_6)
FNDA:0,(anonymous_7)
FNDA:0,(anonymous_8)
FNDA:0,(anonymous_9)
FNDA:0,(anonymous_10)
FNDA:0,(anonymous_11)
FNDA:0,(anonymous_12)
FNDA:0,(anonymous_13)
FNDA:0,(anonymous_14)
DA:2,1
DA:3,1
DA:4,1
DA:5,1
DA:11,1
DA:17,1
DA:24,4
DA:25,4
DA:27,4
DA:29,2
DA:35,2
DA:36,2
DA:48,3
DA:49,3
DA:50,3
DA:52,3
DA:53,1
DA:59,2
DA:61,1
DA:70,1
DA:71,1
DA:83,4
DA:84,4
DA:86,4
DA:87,1
DA:93,3
DA:95,2
DA:101,1
DA:102,1
DA:114,0
DA:115,0
DA:117,0
DA:118,0
DA:124,0
DA:126,0
DA:135,0
DA:136,0
DA:148,0
DA:149,0
DA:150,0
DA:152,0
DA:153,0
DA:159,0
DA:161,0
DA:170,0
DA:171,0
DA:183,0
DA:184,0
DA:185,0
DA:187,0
DA:189,0
DA:198,0
DA:199,0
DA:211,0
DA:212,0
DA:214,0
DA:216,0
DA:222,0
DA:223,0
DA:235,0
DA:236,0
DA:237,0
DA:239,0
DA:241,0
DA:247,0
DA:248,0
DA:260,0
DA:261,0
DA:263,0
DA:264,0
DA:270,0
DA:272,0
DA:278,0
DA:279,0
DA:291,0
DA:292,0
DA:294,0
DA:295,0
DA:301,0
DA:303,0
DA:309,0
DA:310,0
DA:322,0
DA:323,0
DA:325,0
DA:326,0
DA:332,0
DA:334,0
DA:343,0
DA:344,0
DA:356,0
DA:357,0
DA:359,0
DA:360,0
DA:366,0
DA:368,0
DA:374,0
DA:375,0
DA:387,0
DA:388,0
DA:390,0
DA:391,0
DA:397,0
DA:399,0
DA:408,0
DA:409,0
DA:421,0
DA:422,0
DA:423,0
DA:425,0
DA:432,0
DA:443,0
DA:444,0
DA:452,1
LF:114
LH:30
BRDA:50,0,0,3
BRDA:50,0,1,1
BRDA:52,1,0,1
BRDA:52,1,1,2
BRDA:84,2,0,4
BRDA:84,2,1,1
BRDA:86,3,0,1
BRDA:86,3,1,3
BRDA:115,4,0,0
BRDA:115,4,1,0
BRDA:117,5,0,0
BRDA:117,5,1,0
BRDA:149,6,0,0
BRDA:149,6,1,0
BRDA:152,7,0,0
BRDA:152,7,1,0
BRDA:185,8,0,0
BRDA:185,8,1,0
BRDA:261,9,0,0
BRDA:261,9,1,0
BRDA:263,10,0,0
BRDA:263,10,1,0
BRDA:292,11,0,0
BRDA:292,11,1,0
BRDA:294,12,0,0
BRDA:294,12,1,0
BRDA:323,13,0,0
BRDA:323,13,1,0
BRDA:325,14,0,0
BRDA:325,14,1,0
BRDA:357,15,0,0
BRDA:357,15,1,0
BRDA:359,16,0,0
BRDA:359,16,1,0
BRDA:388,17,0,0
BRDA:388,17,1,0
BRDA:390,18,0,0
BRDA:390,18,1,0
BRDA:423,19,0,0
BRDA:423,19,1,0
BRF:40
BRH:8
end_of_record
TN:
SF:src/api/controllers/OAuthController.ts
FN:19,(anonymous_0)
FN:61,(anonymous_1)
FN:160,(anonymous_2)
FN:218,(anonymous_3)
FN:253,(anonymous_4)
FN:294,(anonymous_5)
FN:389,(anonymous_6)
FN:456,(anonymous_7)
FN:496,(anonymous_8)
FNF:9
FNH:0
FNDA:0,(anonymous_0)
FNDA:0,(anonymous_1)
FNDA:0,(anonymous_2)
FNDA:0,(anonymous_3)
FNDA:0,(anonymous_4)
FNDA:0,(anonymous_5)
FNDA:0,(anonymous_6)
FNDA:0,(anonymous_7)
FNDA:0,(anonymous_8)
DA:2,0
DA:3,0
DA:4,0
DA:5,0
DA:6,0
DA:7,0
DA:8,0
DA:14,0
DA:20,0
DA:21,0
DA:22,0
DA:29,0
DA:32,0
DA:37,0
DA:39,0
DA:42,0
DA:48,0
DA:49,0
DA:62,0
DA:63,0
DA:66,0
DA:67,0
DA:68,0
DA:75,0
DA:76,0
DA:83,0
DA:84,0
DA:85,0
DA:91,0
DA:92,0
DA:93,0
DA:94,0
DA:100,0
DA:103,0
DA:105,0
DA:106,0
DA:113,0
DA:114,0
DA:115,0
DA:116,0
DA:117,0
DA:119,0
DA:123,0
DA:124,0
DA:133,0
DA:137,0
DA:148,0
DA:149,0
DA:161,0
DA:162,0
DA:164,0
DA:165,0
DA:171,0
DA:173,0
DA:175,0
DA:176,0
DA:182,0
DA:183,0
DA:190,0
DA:193,0
DA:198,0
DA:200,0
DA:206,0
DA:207,0
DA:219,0
DA:220,0
DA:236,0
DA:241,0
DA:242,0
DA:254,0
DA:255,0
DA:256,0
DA:263,0
DA:266,0
DA:271,0
DA:273,0
DA:276,0
DA:282,0
DA:283,0
DA:295,0
DA:296,0
DA:299,0
DA:300,0
DA:301,0
DA:308,0
DA:309,0
DA:316,0
DA:317,0
DA:318,0
DA:324,0
DA:325,0
DA:326,0
DA:327,0
DA:333,0
DA:336,0
DA:338,0
DA:339,0
DA:346,0
DA:349,0
DA:357,0
DA:360,0
DA:377,0
DA:378,0
DA:390,0
DA:391,0
DA:393,0
DA:394,0
DA:400,0
DA:403,0
DA:405,0
DA:406,0
DA:413,0
DA:416,0
DA:424,0
DA:427,0
DA:444,0
DA:445,0
DA:457,0
DA:458,0
DA:460,0
DA:461,0
DA:467,0
DA:470,0
DA:473,0
DA:475,0
DA:477,0
DA:484,0
DA:485,0
DA:497,0
DA:499,0
DA:501,0
DA:502,0
DA:508,0
DA:510,0
DA:511,0
DA:517,0
DA:530,0
DA:531,0
DA:539,0
LF:139
LH:0
BRDA:21,0,0,0
BRDA:21,0,1,0
BRDA:51,1,0,0
BRDA:51,1,1,0
BRDA:66,2,0,0
BRDA:66,2,1,0
BRDA:70,3,0,0
BRDA:70,3,1,0
BRDA:75,4,0,0
BRDA:75,4,1,0
BRDA:75,5,0,0
BRDA:75,5,1,0
BRDA:83,6,0,0
BRDA:83,6,1,0
BRDA:83,7,0,0
BRDA:83,7,1,0
BRDA:92,8,0,0
BRDA:92,8,1,0
BRDA:92,9,0,0
BRDA:92,9,1,0
BRDA:105,10,0,0
BRDA:105,10,1,0
BRDA:108,11,0,0
BRDA:108,11,1,0
BRDA:123,12,0,0
BRDA:123,12,1,0
BRDA:151,13,0,0
BRDA:151,13,1,0
BRDA:164,14,0,0
BRDA:164,14,1,0
BRDA:175,15,0,0
BRDA:175,15,1,0
BRDA:182,16,0,0
BRDA:182,16,1,0
BRDA:182,17,0,0
BRDA:182,17,1,0
BRDA:209,18,0,0
BRDA:209,18,1,0
BRDA:244,19,0,0
BRDA:244,19,1,0
BRDA:255,20,0,0
BRDA:255,20,1,0
BRDA:285,21,0,0
BRDA:285,21,1,0
BRDA:299,22,0,0
BRDA:299,22,1,0
BRDA:303,23,0,0
BRDA:303,23,1,0
BRDA:308,24,0,0
BRDA:308,24,1,0
BRDA:308,25,0,0
BRDA:308,25,1,0
BRDA:316,26,0,0
BRDA:316,26,1,0
BRDA:316,27,0,0
BRDA:316,27,1,0
BRDA:325,28,0,0
BRDA:325,28,1,0
BRDA:325,29,0,0
BRDA:325,29,1,0
BRDA:338,30,0,0
BRDA:338,30,1,0
BRDA:338,31,0,0
BRDA:338,31,1,0
BRDA:341,32,0,0
BRDA:341,32,1,0
BRDA:380,33,0,0
BRDA:380,33,1,0
BRDA:393,34,0,0
BRDA:393,34,1,0
BRDA:405,35,0,0
BRDA:405,35,1,0
BRDA:405,36,0,0
BRDA:405,36,1,0
BRDA:408,37,0,0
BRDA:408,37,1,0
BRDA:447,38,0,0
BRDA:447,38,1,0
BRDA:460,39,0,0
BRDA:460,39,1,0
BRDA:487,40,0,0
BRDA:487,40,1,0
BRDA:501,41,0,0
BRDA:501,41,1,0
BRDA:510,42,0,0
BRDA:510,42,1,0
BRDA:533,43,0,0
BRDA:533,43,1,0
BRF:88
BRH:0
end_of_record
TN:
SF:src/api/controllers/PostController.ts
FN:21,(anonymous_0)
FN:87,(anonymous_1)
FN:154,(anonymous_2)
FN:167,(anonymous_3)
FN:188,(anonymous_4)
FN:205,(anonymous_5)
FN:235,(anonymous_6)
FN:266,(anonymous_7)
FN:297,(anonymous_8)
FN:319,(anonymous_9)
FN:326,(anonymous_10)
FN:349,(anonymous_11)
FN:389,(anonymous_12)
FNF:13
FNH:0
FNDA:0,(anonymous_0)
FNDA:0,(anonymous_1)
FNDA:0,(anonymous_2)
FNDA:0,(anonymous_3)
FNDA:0,(anonymous_4)
FNDA:0,(anonymous_5)
FNDA:0,(anonymous_6)
FNDA:0,(anonymous_7)
FNDA:0,(anonymous_8)
FNDA:0,(anonymous_9)
FNDA:0,(anonymous_10)
FNDA:0,(anonymous_11)
FNDA:0,(anonymous_12)
DA:2,0
DA:3,0
DA:13,0
DA:14,0
DA:16,0
DA:22,0
DA:30,0
DA:33,0
DA:34,0
DA:40,0
DA:41,0
DA:47,0
DA:50,0
DA:59,0
DA:60,0
DA:66,0
DA:68,0
DA:75,0
DA:76,0
DA:88,0
DA:89,0
DA:100,0
DA:103,0
DA:104,0
DA:110,0
DA:111,0
DA:117,0
DA:130,0
DA:132,0
DA:134,0
DA:142,0
DA:143,0
DA:155,0
DA:156,0
DA:157,0
DA:159,0
DA:160,0
DA:167,0
DA:181,0
DA:183,0
DA:185,0
DA:188,0
DA:193,0
DA:194,0
DA:206,0
DA:207,0
DA:209,0
DA:211,0
DA:212,0
DA:218,0
DA:223,0
DA:224,0
DA:236,0
DA:237,0
DA:239,0
DA:241,0
DA:242,0
DA:248,0
DA:254,0
DA:255,0
DA:267,0
DA:268,0
DA:270,0
DA:272,0
DA:273,0
DA:279,0
DA:285,0
DA:286,0
DA:298,0
DA:299,0
DA:301,0
DA:307,0
DA:308,0
DA:320,0
DA:321,0
DA:323,0
DA:325,0
DA:326,0
DA:337,0
DA:338,0
DA:350,0
DA:351,0
DA:353,0
DA:354,0
DA:360,0
DA:362,0
DA:364,0
DA:365,0
DA:371,0
DA:377,0
DA:378,0
DA:390,0
DA:391,0
DA:392,0
DA:395,0
DA:396,0
DA:398,0
DA:413,0
DA:414,0
DA:416,0
DA:417,0
DA:418,0
DA:419,0
DA:422,0
DA:423,0
DA:424,0
DA:425,0
DA:428,0
DA:429,0
DA:431,0
DA:434,0
DA:435,0
DA:437,0
DA:438,0
DA:439,0
DA:442,0
DA:443,0
DA:445,0
DA:455,0
DA:456,0
DA:464,0
LF:121
LH:0
BRDA:33,0,0,0
BRDA:33,0,1,0
BRDA:33,1,0,0
BRDA:33,1,1,0
BRDA:33,1,2,0
BRDA:40,2,0,0
BRDA:40,2,1,0
BRDA:59,3,0,0
BRDA:59,3,1,0
BRDA:62,4,0,0
BRDA:62,4,1,0
BRDA:78,5,0,0
BRDA:78,5,1,0
BRDA:89,6,0,0
BRDA:89,6,1,0
BRDA:103,7,0,0
BRDA:103,7,1,0
BRDA:103,8,0,0
BRDA:103,8,1,0
BRDA:103,8,2,0
BRDA:110,9,0,0
BRDA:110,9,1,0
BRDA:136,10,0,0
BRDA:136,10,1,0
BRDA:139,11,0,0
BRDA:139,11,1,0
BRDA:145,12,0,0
BRDA:145,12,1,0
BRDA:156,13,0,0
BRDA:156,13,1,0
BRDA:159,14,0,0
BRDA:159,14,1,0
BRDA:159,15,0,0
BRDA:159,15,1,0
BRDA:159,15,2,0
BRDA:171,16,0,0
BRDA:171,16,1,0
BRDA:176,17,0,0
BRDA:176,17,1,0
BRDA:196,18,0,0
BRDA:196,18,1,0
BRDA:211,19,0,0
BRDA:211,19,1,0
BRDA:226,20,0,0
BRDA:226,20,1,0
BRDA:241,21,0,0
BRDA:241,21,1,0
BRDA:257,22,0,0
BRDA:257,22,1,0
BRDA:272,23,0,0
BRDA:272,23,1,0
BRDA:288,24,0,0
BRDA:288,24,1,0
BRDA:310,25,0,0
BRDA:310,25,1,0
BRDA:321,26,0,0
BRDA:321,26,1,0
BRDA:340,27,0,0
BRDA:340,27,1,0
BRDA:353,28,0,0
BRDA:353,28,1,0
BRDA:364,29,0,0
BRDA:364,29,1,0
BRDA:367,30,0,0
BRDA:367,30,1,0
BRDA:380,31,0,0
BRDA:380,31,1,0
BRDA:391,32,0,0
BRDA:391,32,1,0
BRDA:395,33,0,0
BRDA:395,33,1,0
BRDA:396,34,0,0
BRDA:396,34,1,0
BRDA:416,35,0,0
BRDA:416,35,1,0
BRDA:422,36,0,0
BRDA:422,36,1,0
BRDA:437,37,0,0
BRDA:437,37,1,0
BRDA:458,38,0,0
BRDA:458,38,1,0
BRF:81
BRH:0
end_of_record
TN:
SF:src/api/controllers/ProxyController.ts
FN:17,(anonymous_1)
FN:74,(anonymous_2)
FN:109,(anonymous_3)
FN:140,(anonymous_4)
FN:165,(anonymous_5)
FN:189,(anonymous_6)
FN:222,(anonymous_7)
FN:246,(anonymous_8)
FN:270,(anonymous_9)
FN:301,(anonymous_10)
FN:332,(anonymous_11)
FN:365,(anonymous_12)
FN:398,(anonymous_13)
FN:432,(anonymous_14)
FN:467,(anonymous_15)
FN:498,(anonymous_16)
FN:522,(anonymous_17)
FNF:17
FNH:0
FNDA:0,(anonymous_1)
FNDA:0,(anonymous_2)
FNDA:0,(anonymous_3)
FNDA:0,(anonymous_4)
FNDA:0,(anonymous_5)
FNDA:0,(anonymous_6)
FNDA:0,(anonymous_7)
FNDA:0,(anonymous_8)
FNDA:0,(anonymous_9)
FNDA:0,(anonymous_10)
FNDA:0,(anonymous_11)
FNDA:0,(anonymous_12)
FNDA:0,(anonymous_13)
FNDA:0,(anonymous_14)
FNDA:0,(anonymous_15)
FNDA:0,(anonymous_16)
FNDA:0,(anonymous_17)
DA:2,0
DA:3,0
DA:4,0
DA:5,0
DA:11,0
DA:18,0
DA:28,0
DA:31,0
DA:32,0
DA:38,0
DA:39,0
DA:45,0
DA:56,0
DA:62,0
DA:63,0
DA:75,0
DA:76,0
DA:77,0
DA:79,0
DA:80,0
DA:86,0
DA:88,0
DA:97,0
DA:98,0
DA:110,0
DA:111,0
DA:113,0
DA:115,0
DA:116,0
DA:122,0
DA:128,0
DA:129,0
DA:141,0
DA:142,0
DA:143,0
DA:145,0
DA:147,0
DA:153,0
DA:154,0
DA:166,0
DA:167,0
DA:169,0
DA:171,0
DA:177,0
DA:178,0
DA:190,0
DA:191,0
DA:193,0
DA:195,0
DA:196,0
DA:202,0
DA:204,0
DA:210,0
DA:211,0
DA:223,0
DA:224,0
DA:226,0
DA:228,0
DA:234,0
DA:235,0
DA:247,0
DA:248,0
DA:250,0
DA:252,0
DA:258,0
DA:259,0
DA:271,0
DA:272,0
DA:274,0
DA:275,0
DA:281,0
DA:283,0
DA:289,0
DA:290,0
DA:302,0
DA:303,0
DA:305,0
DA:306,0
DA:312,0
DA:314,0
DA:320,0
DA:321,0
DA:333,0
DA:334,0
DA:336,0
DA:338,0
DA:339,0
DA:345,0
DA:347,0
DA:353,0
DA:354,0
DA:366,0
DA:367,0
DA:368,0
DA:369,0
DA:371,0
DA:372,0
DA:378,0
DA:380,0
DA:386,0
DA:387,0
DA:399,0
DA:400,0
DA:402,0
DA:403,0
DA:409,0
DA:411,0
DA:420,0
DA:421,0
DA:433,0
DA:434,0
DA:435,0
DA:437,0
DA:438,0
DA:444,0
DA:446,0
DA:455,0
DA:456,0
DA:468,0
DA:469,0
DA:471,0
DA:472,0
DA:478,0
DA:480,0
DA:486,0
DA:487,0
DA:499,0
DA:500,0
DA:502,0
DA:504,0
DA:510,0
DA:511,0
DA:523,0
DA:524,0
DA:526,0
DA:528,0
DA:534,0
DA:535,0
DA:543,0
LF:139
LH:0
BRDA:31,0,0,0
BRDA:31,0,1,0
BRDA:31,1,0,0
BRDA:31,1,1,0
BRDA:31,1,2,0
BRDA:31,1,3,0
BRDA:38,2,0,0
BRDA:38,2,1,0
BRDA:76,3,0,0
BRDA:76,3,1,0
BRDA:79,4,0,0
BRDA:79,4,1,0
BRDA:115,5,0,0
BRDA:115,5,1,0
BRDA:195,6,0,0
BRDA:195,6,1,0
BRDA:272,7,0,0
BRDA:272,7,1,0
BRDA:274,8,0,0
BRDA:274,8,1,0
BRDA:303,9,0,0
BRDA:303,9,1,0
BRDA:305,10,0,0
BRDA:305,10,1,0
BRDA:338,11,0,0
BRDA:338,11,1,0
BRDA:368,12,0,0
BRDA:368,12,1,0
BRDA:369,13,0,0
BRDA:369,13,1,0
BRDA:371,14,0,0
BRDA:371,14,1,0
BRDA:400,15,0,0
BRDA:400,15,1,0
BRDA:402,16,0,0
BRDA:402,16,1,0
BRDA:435,17,0,0
BRDA:435,17,1,0
BRDA:437,18,0,0
BRDA:437,18,1,0
BRDA:469,19,0,0
BRDA:469,19,1,0
BRDA:471,20,0,0
BRDA:471,20,1,0
BRF:44
BRH:0
end_of_record
TN:
SF:src/api/controllers/ScheduleController.ts
FN:17,(anonymous_1)
FN:78,(anonymous_2)
FN:118,(anonymous_3)
FN:149,(anonymous_4)
FN:178,(anonymous_5)
FN:202,(anonymous_6)
FN:233,(anonymous_7)
FN:272,(anonymous_8)
FN:297,(anonymous_9)
FN:321,(anonymous_10)
FN:354,(anonymous_11)
FN:386,(anonymous_12)
FN:418,(anonymous_13)
FN:453,(anonymous_14)
FN:489,(anonymous_15)
FNF:15
FNH:0
FNDA:0,(anonymous_1)
FNDA:0,(anonymous_2)
FNDA:0,(anonymous_3)
FNDA:0,(anonymous_4)
FNDA:0,(anonymous_5)
FNDA:0,(anonymous_6)
FNDA:0,(anonymous_7)
FNDA:0,(anonymous_8)
FNDA:0,(anonymous_9)
FNDA:0,(anonymous_10)
FNDA:0,(anonymous_11)
FNDA:0,(anonymous_12)
FNDA:0,(anonymous_13)
FNDA:0,(anonymous_14)
FNDA:0,(anonymous_15)
DA:2,0
DA:3,0
DA:4,0
DA:5,0
DA:11,0
DA:18,0
DA:33,0
DA:35,0
DA:36,0
DA:42,0
DA:60,0
DA:66,0
DA:67,0
DA:79,0
DA:80,0
DA:81,0
DA:82,0
DA:83,0
DA:84,0
DA:86,0
DA:87,0
DA:93,0
DA:100,0
DA:106,0
DA:107,0
DA:119,0
DA:120,0
DA:122,0
DA:124,0
DA:125,0
DA:131,0
DA:137,0
DA:138,0
DA:150,0
DA:151,0
DA:152,0
DA:154,0
DA:155,0
DA:158,0
DA:160,0
DA:166,0
DA:167,0
DA:179,0
DA:180,0
DA:182,0
DA:184,0
DA:190,0
DA:191,0
DA:203,0
DA:204,0
DA:206,0
DA:207,0
DA:213,0
DA:215,0
DA:221,0
DA:222,0
DA:234,0
DA:235,0
DA:237,0
DA:238,0
DA:244,0
DA:251,0
DA:260,0
DA:261,0
DA:273,0
DA:274,0
DA:275,0
DA:277,0
DA:279,0
DA:285,0
DA:286,0
DA:298,0
DA:299,0
DA:301,0
DA:303,0
DA:309,0
DA:310,0
DA:322,0
DA:323,0
DA:324,0
DA:325,0
DA:327,0
DA:328,0
DA:334,0
DA:336,0
DA:342,0
DA:343,0
DA:355,0
DA:356,0
DA:357,0
DA:359,0
DA:360,0
DA:366,0
DA:368,0
DA:374,0
DA:375,0
DA:387,0
DA:388,0
DA:389,0
DA:391,0
DA:392,0
DA:398,0
DA:400,0
DA:406,0
DA:407,0
DA:419,0
DA:420,0
DA:421,0
DA:423,0
DA:424,0
DA:430,0
DA:432,0
DA:441,0
DA:442,0
DA:454,0
DA:455,0
DA:456,0
DA:457,0
DA:459,0
DA:460,0
DA:466,0
DA:468,0
DA:477,0
DA:478,0
DA:490,0
DA:491,0
DA:492,0
DA:494,0
DA:495,0
DA:501,0
DA:503,0
DA:509,0
DA:510,0
DA:518,0
LF:134
LH:0
BRDA:35,0,0,0
BRDA:35,0,1,0
BRDA:35,1,0,0
BRDA:35,1,1,0
BRDA:35,1,2,0
BRDA:35,1,3,0
BRDA:35,1,4,0
BRDA:49,2,0,0
BRDA:49,2,1,0
BRDA:80,3,0,0
BRDA:80,3,1,0
BRDA:83,4,0,0
BRDA:83,4,1,0
BRDA:84,5,0,0
BRDA:84,5,1,0
BRDA:86,6,0,0
BRDA:86,6,1,0
BRDA:124,7,0,0
BRDA:124,7,1,0
BRDA:154,8,0,0
BRDA:154,8,1,0
BRDA:204,9,0,0
BRDA:204,9,1,0
BRDA:206,10,0,0
BRDA:206,10,1,0
BRDA:237,11,0,0
BRDA:237,11,1,0
BRDA:237,12,0,0
BRDA:237,12,1,0
BRDA:237,12,2,0
BRDA:275,13,0,0
BRDA:275,13,1,0
BRDA:323,14,0,0
BRDA:323,14,1,0
BRDA:327,15,0,0
BRDA:327,15,1,0
BRDA:327,16,0,0
BRDA:327,16,1,0
BRDA:327,16,2,0
BRDA:356,17,0,0
BRDA:356,17,1,0
BRDA:359,18,0,0
BRDA:359,18,1,0
BRDA:359,19,0,0
BRDA:359,19,1,0
BRDA:388,20,0,0
BRDA:388,20,1,0
BRDA:391,21,0,0
BRDA:391,21,1,0
BRDA:391,22,0,0
BRDA:391,22,1,0
BRDA:420,23,0,0
BRDA:420,23,1,0
BRDA:421,24,0,0
BRDA:421,24,1,0
BRDA:423,25,0,0
BRDA:423,25,1,0
BRDA:455,26,0,0
BRDA:455,26,1,0
BRDA:459,27,0,0
BRDA:459,27,1,0
BRDA:459,28,0,0
BRDA:459,28,1,0
BRDA:459,28,2,0
BRDA:491,29,0,0
BRDA:491,29,1,0
BRDA:492,30,0,0
BRDA:492,30,1,0
BRDA:494,31,0,0
BRDA:494,31,1,0
BRF:70
BRH:0
end_of_record
TN:
SF:src/api/controllers/VariationController.ts
FN:7,(anonymous_0)
FN:17,(anonymous_1)
FN:27,(anonymous_2)
FN:35,(anonymous_3)
FNF:4
FNH:0
FNDA:0,(anonymous_0)
FNDA:0,(anonymous_1)
FNDA:0,(anonymous_2)
FNDA:0,(anonymous_3)
DA:2,0
DA:3,0
DA:4,0
DA:6,0
DA:8,0
DA:9,0
DA:10,0
DA:11,0
DA:12,0
DA:13,0
DA:14,0
DA:15,0
DA:18,0
DA:19,0
DA:20,0
DA:21,0
DA:22,0
DA:23,0
DA:24,0
DA:25,0
DA:28,0
DA:29,0
DA:30,0
DA:31,0
DA:32,0
DA:33,0
DA:36,0
DA:39,0
LF:28
LH:0
BRDA:10,0,0,0
BRDA:10,0,1,0
BRDA:10,1,0,0
BRDA:10,1,1,0
BRDA:10,1,2,0
BRDA:11,2,0,0
BRDA:11,2,1,0
BRDA:20,3,0,0
BRDA:20,3,1,0
BRDA:20,4,0,0
BRDA:20,4,1,0
BRDA:20,4,2,0
BRDA:21,5,0,0
BRDA:21,5,1,0
BRDA:21,6,0,0
BRDA:21,6,1,0
BRDA:30,7,0,0
BRDA:30,7,1,0
BRF:18
BRH:0
end_of_record
TN:
SF:src/api/controllers/WarmupController.ts
FN:16,(anonymous_9)
FN:57,(anonymous_10)
FN:94,(anonymous_11)
FN:135,(anonymous_12)
FN:174,(anonymous_13)
FN:213,(anonymous_14)
FN:264,(anonymous_15)
FN:288,(anonymous_16)
FN:315,(anonymous_17)
FN:338,(anonymous_18)
FN:340,(anonymous_19)
FNF:11
FNH:0
FNDA:0,(anonymous_9)
FNDA:0,(anonymous_10)
FNDA:0,(anonymous_11)
FNDA:0,(anonymous_12)
FNDA:0,(anonymous_13)
FNDA:0,(anonymous_14)
FNDA:0,(anonymous_15)
FNDA:0,(anonymous_16)
FNDA:0,(anonymous_17)
FNDA:0,(anonymous_18)
FNDA:0,(anonymous_19)
DA:2,0
DA:3,0
DA:4,0
DA:11,0
DA:17,0
DA:18,0
DA:20,0
DA:21,0
DA:27,0
DA:29,0
DA:31,0
DA:32,0
DA:39,0
DA:45,0
DA:46,0
DA:58,0
DA:59,0
DA:61,0
DA:62,0
DA:68,0
DA:70,0
DA:71,0
DA:77,0
DA:82,0
DA:83,0
DA:95,0
DA:96,0
DA:98,0
DA:99,0
DA:105,0
DA:107,0
DA:108,0
DA:114,0
DA:116,0
DA:123,0
DA:124,0
DA:136,0
DA:137,0
DA:139,0
DA:140,0
DA:146,0
DA:148,0
DA:150,0
DA:151,0
DA:157,0
DA:162,0
DA:163,0
DA:175,0
DA:176,0
DA:178,0
DA:179,0
DA:185,0
DA:187,0
DA:189,0
DA:190,0
DA:196,0
DA:201,0
DA:202,0
DA:214,0
DA:215,0
DA:216,0
DA:218,0
DA:219,0
DA:225,0
DA:226,0
DA:234,0
DA:236,0
DA:238,0
DA:239,0
DA:246,0
DA:252,0
DA:253,0
DA:265,0
DA:266,0
DA:268,0
DA:270,0
DA:276,0
DA:277,0
DA:289,0
DA:290,0
DA:292,0
DA:293,0
DA:295,0
DA:303,0
DA:304,0
DA:316,0
DA:317,0
DA:319,0
DA:321,0
DA:326,0
DA:327,0
DA:339,0
DA:340,0
DA:342,0
DA:349,0
DA:350,0
DA:358,0
LF:97
LH:0
BRDA:20,0,0,0
BRDA:20,0,1,0
BRDA:31,1,0,0
BRDA:31,1,1,0
BRDA:48,2,0,0
BRDA:48,2,1,0
BRDA:61,3,0,0
BRDA:61,3,1,0
BRDA:70,4,0,0
BRDA:70,4,1,0
BRDA:85,5,0,0
BRDA:85,5,1,0
BRDA:98,6,0,0
BRDA:98,6,1,0
BRDA:98,7,0,0
BRDA:98,7,1,0
BRDA:107,8,0,0
BRDA:107,8,1,0
BRDA:107,9,0,0
BRDA:107,9,1,0
BRDA:107,9,2,0
BRDA:126,10,0,0
BRDA:126,10,1,0
BRDA:139,11,0,0
BRDA:139,11,1,0
BRDA:150,12,0,0
BRDA:150,12,1,0
BRDA:165,13,0,0
BRDA:165,13,1,0
BRDA:178,14,0,0
BRDA:178,14,1,0
BRDA:189,15,0,0
BRDA:189,15,1,0
BRDA:204,16,0,0
BRDA:204,16,1,0
BRDA:218,17,0,0
BRDA:218,17,1,0
BRDA:225,18,0,0
BRDA:225,18,1,0
BRDA:238,19,0,0
BRDA:238,19,1,0
BRDA:255,20,0,0
BRDA:255,20,1,0
BRDA:279,21,0,0
BRDA:279,21,1,0
BRDA:306,22,0,0
BRDA:306,22,1,0
BRDA:329,23,0,0
BRDA:329,23,1,0
BRDA:352,24,0,0
BRDA:352,24,1,0
BRF:51
BRH:0
end_of_record
TN:
SF:src/api/middlewares/auth.middleware.ts
FN:21,(anonymous_0)
FN:96,(anonymous_1)
FNF:2
FNH:0
FNDA:0,(anonymous_0)
FNDA:0,(anonymous_1)
DA:2,0
DA:3,0
DA:21,0
DA:26,0
DA:28,0
DA:30,0
DA:32,0
DA:33,0
DA:34,0
DA:39,0
DA:42,0
DA:46,0
DA:50,0
DA:51,0
DA:55,0
DA:59,0
DA:62,0
DA:65,0
DA:73,0
DA:75,0
DA:77,0
DA:78,0
DA:82,0
DA:85,0
DA:96,0
DA:101,0
DA:103,0
DA:105,0
DA:107,0
DA:111,0
DA:113,0
DA:117,0
DA:119,0
DA:121,0
DA:124,0
DA:133,0
DA:136,0
DA:139,0
LF:38
LH:0
BRDA:30,0,0,0
BRDA:30,0,1,0
BRDA:33,1,0,0
BRDA:33,1,1,0
BRDA:50,2,0,0
BRDA:50,2,1,0
BRDA:77,3,0,0
BRDA:77,3,1,0
BRDA:105,4,0,0
BRDA:105,4,1,0
BRDA:111,5,0,0
BRDA:111,5,1,0
BRF:12
BRH:0
end_of_record
TN:
SF:src/api/middlewares/errorHandler.middleware.ts
FN:17,(anonymous_0)
FN:26,(anonymous_1)
FN:32,(anonymous_2)
FN:38,(anonymous_3)
FN:44,(anonymous_4)
FN:50,(anonymous_5)
FN:50,(anonymous_6)
FN:56,errorHandler
FN:147,asyncHandler
FN:148,(anonymous_9)
FN:157,notFoundHandler
FNF:11
FNH:0
FNDA:0,(anonymous_0)
FNDA:0,(anonymous_1)
FNDA:0,(anonymous_2)
FNDA:0,(anonymous_3)
FNDA:0,(anonymous_4)
FNDA:0,(anonymous_5)
FNDA:0,(anonymous_6)
FNDA:0,errorHandler
FNDA:0,asyncHandler
FNDA:0,(anonymous_9)
FNDA:0,notFoundHandler
DA:2,0
DA:3,0
DA:13,0
DA:18,0
DA:19,0
DA:20,0
DA:21,0
DA:25,0
DA:27,0
DA:31,0
DA:33,0
DA:37,0
DA:39,0
DA:43,0
DA:45,0
DA:50,0
DA:56,0
DA:62,0
DA:65,0
DA:68,0
DA:69,0
DA:70,0
DA:71,0
DA:74,0
DA:75,0
DA:76,0
DA:77,0
DA:78,0
DA:81,0
DA:82,0
DA:83,0
DA:86,0
DA:87,0
DA:88,0
DA:89,0
DA:90,0
DA:91,0
DA:92,0
DA:93,0
DA:99,0
DA:100,0
DA:101,0
DA:102,0
DA:103,0
DA:104,0
DA:105,0
DA:106,0
DA:107,0
DA:109,0
DA:113,0
DA:132,0
DA:140,0
DA:147,0
DA:148,0
DA:149,0
DA:157,0
DA:158,0
DA:160,0
DA:167,0
DA:183,0
LF:60
LH:0
BRDA:17,0,0,0
BRDA:32,1,0,0
BRDA:38,2,0,0
BRDA:44,3,0,0
BRDA:65,4,0,0
BRDA:65,4,1,0
BRDA:74,5,0,0
BRDA:74,5,1,0
BRDA:81,6,0,0
BRDA:81,6,1,0
BRDA:86,7,0,0
BRDA:86,7,1,0
BRDA:88,8,0,0
BRDA:88,8,1,0
BRDA:90,9,0,0
BRDA:90,9,1,0
BRDA:92,10,0,0
BRDA:92,10,1,0
BRDA:99,11,0,0
BRDA:99,11,1,0
BRDA:102,12,0,0
BRDA:102,12,1,0
BRDA:105,13,0,0
BRDA:105,13,1,0
BRDA:105,14,0,0
BRDA:105,14,1,0
BRDA:109,15,0,0
BRDA:109,15,1,0
BRDA:136,16,0,0
BRDA:136,16,1,0
BRDA:158,17,0,0
BRDA:158,17,1,0
BRF:32
BRH:0
end_of_record
TN:
SF:src/api/middlewares/rateLimit.middleware.ts
FN:11,(anonymous_1)
FN:12,(anonymous_2)
FN:42,(anonymous_3)
FN:51,(anonymous_4)
FN:88,(anonymous_5)
FNF:5
FNH:0
FNDA:0,(anonymous_1)
FNDA:0,(anonymous_2)
FNDA:0,(anonymous_3)
FNDA:0,(anonymous_4)
FNDA:0,(anonymous_5)
DA:1,0
DA:3,0
DA:11,0
DA:12,0
DA:13,0
DA:14,0
DA:16,0
DA:29,0
DA:30,0
DA:31,0
DA:32,0
DA:35,0
DA:40,0
DA:44,0
DA:46,0
DA:53,0
DA:58,0
DA:68,0
DA:77,0
DA:86,0
DA:89,0
DA:90,0
LF:22
LH:0
BRDA:14,0,0,0
BRDA:14,0,1,0
BRDA:19,1,0,0
BRDA:19,1,1,0
BRDA:24,2,0,0
BRDA:24,2,1,0
BRDA:29,3,0,0
BRDA:29,3,1,0
BRDA:31,4,0,0
BRDA:31,4,1,0
BRDA:46,5,0,0
BRDA:46,5,1,0
BRDA:90,6,0,0
BRDA:90,6,1,0
BRF:14
BRH:0
end_of_record
TN:
SF:src/api/middlewares/requestId.middleware.ts
FN:17,(anonymous_1)
FNF:1
FNH:0
FNDA:0,(anonymous_1)
DA:2,0
DA:17,0
DA:23,0
DA:26,0
DA:29,0
DA:32,0
DA:34,0
LF:7
LH:0
BRDA:26,0,0,0
BRDA:26,0,1,0
BRF:2
BRH:0
end_of_record
TN:
SF:src/api/middlewares/security.middleware.ts
FN:88,(anonymous_1)
FN:118,(anonymous_2)
FN:135,sanitizeObject
FN:145,(anonymous_4)
FN:168,(anonymous_5)
FN:194,(anonymous_6)
FN:195,(anonymous_7)
FN:218,(anonymous_8)
FN:219,(anonymous_9)
FN:250,(anonymous_10)
FN:254,(anonymous_11)
FN:263,(anonymous_12)
FNF:12
FNH:0
FNDA:0,(anonymous_1)
FNDA:0,(anonymous_2)
FNDA:0,sanitizeObject
FNDA:0,(anonymous_4)
FNDA:0,(anonymous_5)
FNDA:0,(anonymous_6)
FNDA:0,(anonymous_7)
FNDA:0,(anonymous_8)
FNDA:0,(anonymous_9)
FNDA:0,(anonymous_10)
FNDA:0,(anonymous_11)
FNDA:0,(anonymous_12)
DA:1,0
DA:10,0
DA:87,0
DA:90,0
DA:93,0
DA:101,0
DA:102,0
DA:104,0
DA:118,0
DA:120,0
DA:121,0
DA:125,0
DA:126,0
DA:129,0
DA:136,0
DA:138,0
DA:144,0
DA:145,0
DA:148,0
DA:149,0
DA:150,0
DA:151,0
DA:153,0
DA:154,0
DA:156,0
DA:159,0
DA:162,0
DA:168,0
DA:169,0
DA:171,0
DA:172,0
DA:180,0
DA:181,0
DA:187,0
DA:194,0
DA:195,0
DA:196,0
DA:198,0
DA:199,0
DA:210,0
DA:218,0
DA:219,0
DA:220,0
DA:222,0
DA:223,0
DA:226,0
DA:228,0
DA:229,0
DA:230,0
DA:242,0
DA:250,0
DA:251,0
DA:254,0
DA:255,0
DA:256,0
DA:257,0
DA:259,0
DA:260,0
DA:261,0
DA:263,0
DA:264,0
DA:265,0
DA:266,0
DA:267,0
DA:273,0
DA:274,0
DA:277,0
DA:278,0
DA:290,0
LF:69
LH:0
BRDA:90,0,0,0
BRDA:90,0,1,0
BRDA:101,1,0,0
BRDA:101,1,1,0
BRDA:120,2,0,0
BRDA:120,2,1,0
BRDA:125,3,0,0
BRDA:125,3,1,0
BRDA:136,4,0,0
BRDA:136,4,1,0
BRDA:144,5,0,0
BRDA:144,5,1,0
BRDA:148,6,0,0
BRDA:148,6,1,0
BRDA:148,7,0,0
BRDA:148,7,1,0
BRDA:151,8,0,0
BRDA:151,8,1,0
BRDA:153,9,0,0
BRDA:153,9,1,0
BRDA:153,10,0,0
BRDA:153,10,1,0
BRDA:153,10,2,0
BRDA:171,11,0,0
BRDA:171,11,1,0
BRDA:180,12,0,0
BRDA:180,12,1,0
BRDA:180,13,0,0
BRDA:180,13,1,0
BRDA:194,14,0,0
BRDA:198,15,0,0
BRDA:198,15,1,0
BRDA:198,16,0,0
BRDA:198,16,1,0
BRDA:222,17,0,0
BRDA:222,17,1,0
BRDA:222,18,0,0
BRDA:222,18,1,0
BRDA:226,19,0,0
BRDA:226,19,1,0
BRDA:229,20,0,0
BRDA:229,20,1,0
BRDA:254,21,0,0
BRDA:255,22,0,0
BRDA:255,22,1,0
BRDA:256,23,0,0
BRDA:256,23,1,0
BRDA:257,24,0,0
BRDA:257,24,1,0
BRDA:259,25,0,0
BRDA:259,25,1,0
BRDA:260,26,0,0
BRDA:260,26,1,0
BRDA:261,27,0,0
BRDA:261,27,1,0
BRDA:264,28,0,0
BRDA:264,28,1,0
BRDA:264,29,0,0
BRDA:264,29,1,0
BRDA:266,30,0,0
BRDA:266,30,1,0
BRDA:267,31,0,0
BRDA:267,31,1,0
BRDA:273,32,0,0
BRDA:273,32,1,0
BRDA:277,33,0,0
BRDA:277,33,1,0
BRF:67
BRH:0
end_of_record
TN:
SF:src/api/middlewares/validation.middleware.ts
FN:8,validateUserId
FN:18,validateAccountId
FN:34,validatePagination
FN:49,validateDateRange
FN:68,validateProxyType
FN:78,validateScheduleType
FNF:6
FNH:0
FNDA:0,validateUserId
FNDA:0,validateAccountId
FNDA:0,validatePagination
FNDA:0,validateDateRange
FNDA:0,validateProxyType
FNDA:0,validateScheduleType
DA:2,0
DA:8,0
DA:9,0
DA:11,0
DA:12,0
DA:15,0
DA:18,0
DA:19,0
DA:21,0
DA:22,0
DA:26,0
DA:27,0
DA:28,0
DA:31,0
DA:34,0
DA:35,0
DA:36,0
DA:38,0
DA:39,0
DA:42,0
DA:43,0
DA:46,0
DA:49,0
DA:50,0
DA:51,0
DA:53,0
DA:54,0
DA:57,0
DA:58,0
DA:61,0
DA:62,0
DA:65,0
DA:68,0
DA:69,0
DA:71,0
DA:72,0
DA:75,0
DA:78,0
DA:79,0
DA:81,0
DA:82,0
DA:85,0
LF:42
LH:0
BRDA:9,0,0,0
BRDA:9,0,1,0
BRDA:9,0,2,0
BRDA:11,1,0,0
BRDA:11,1,1,0
BRDA:19,2,0,0
BRDA:19,2,1,0
BRDA:21,3,0,0
BRDA:21,3,1,0
BRDA:27,4,0,0
BRDA:27,4,1,0
BRDA:35,5,0,0
BRDA:35,5,1,0
BRDA:36,6,0,0
BRDA:36,6,1,0
BRDA:38,7,0,0
BRDA:38,7,1,0
BRDA:38,8,0,0
BRDA:38,8,1,0
BRDA:38,8,2,0
BRDA:42,9,0,0
BRDA:42,9,1,0
BRDA:42,10,0,0
BRDA:42,10,1,0
BRDA:50,11,0,0
BRDA:50,11,1,0
BRDA:51,12,0,0
BRDA:51,12,1,0
BRDA:53,13,0,0
BRDA:53,13,1,0
BRDA:53,14,0,0
BRDA:53,14,1,0
BRDA:57,15,0,0
BRDA:57,15,1,0
BRDA:57,16,0,0
BRDA:57,16,1,0
BRDA:61,17,0,0
BRDA:61,17,1,0
BRDA:61,18,0,0
BRDA:61,18,1,0
BRDA:61,18,2,0
BRDA:71,19,0,0
BRDA:71,19,1,0
BRDA:71,20,0,0
BRDA:71,20,1,0
BRDA:81,21,0,0
BRDA:81,21,1,0
BRDA:81,22,0,0
BRDA:81,22,1,0
BRF:49
BRH:0
end_of_record
TN:
SF:src/api/routes/accounts.routes.ts
FN:16,(anonymous_0)
FN:19,(anonymous_1)
FN:22,(anonymous_2)
FN:25,(anonymous_3)
FN:28,(anonymous_4)
FN:31,(anonymous_5)
FN:34,(anonymous_6)
FN:37,(anonymous_7)
FN:40,(anonymous_8)
FN:43,(anonymous_9)
FN:46,(anonymous_10)
FNF:11
FNH:0
FNDA:0,(anonymous_0)
FNDA:0,(anonymous_1)
FNDA:0,(anonymous_2)
FNDA:0,(anonymous_3)
FNDA:0,(anonymous_4)
FNDA:0,(anonymous_5)
FNDA:0,(anonymous_6)
FNDA:0,(anonymous_7)
FNDA:0,(anonymous_8)
FNDA:0,(anonymous_9)
FNDA:0,(anonymous_10)
DA:1,0
DA:2,0
DA:3,0
DA:5,0
DA:13,0
DA:16,0
DA:19,0
DA:22,0
DA:25,0
DA:28,0
DA:31,0
DA:34,0
DA:37,0
DA:40,0
DA:43,0
DA:46,0
DA:48,0
LF:17
LH:0
BRF:0
BRH:0
end_of_record
TN:
SF:src/api/routes/distribution.routes.ts
FNF:0
FNH:0
DA:1,0
DA:2,0
DA:3,0
DA:4,0
DA:5,0
DA:6,0
DA:7,0
DA:8,0
DA:9,0
LF:9
LH:0
BRF:0
BRH:0
end_of_record
TN:
SF:src/api/routes/groups.routes.ts
FNF:0
FNH:0
DA:1,0
DA:2,0
DA:3,0
DA:5,0
DA:10,0
DA:20,0
DA:26,0
DA:32,0
DA:38,0
DA:44,0
DA:54,0
DA:60,0
DA:66,0
DA:72,0
DA:82,0
DA:84,0
LF:16
LH:0
BRF:0
BRH:0
end_of_record
TN:
SF:src/api/routes/health.routes.ts
FN:11,(anonymous_1)
FN:14,(anonymous_2)
FN:17,(anonymous_3)
FN:24,(anonymous_4)
FN:27,(anonymous_5)
FN:34,(anonymous_6)
FN:37,(anonymous_7)
FN:40,(anonymous_8)
FN:43,(anonymous_9)
FN:46,(anonymous_10)
FN:53,(anonymous_11)
FN:56,(anonymous_12)
FN:59,(anonymous_13)
FN:62,(anonymous_14)
FNF:14
FNH:0
FNDA:0,(anonymous_1)
FNDA:0,(anonymous_2)
FNDA:0,(anonymous_3)
FNDA:0,(anonymous_4)
FNDA:0,(anonymous_5)
FNDA:0,(anonymous_6)
FNDA:0,(anonymous_7)
FNDA:0,(anonymous_8)
FNDA:0,(anonymous_9)
FNDA:0,(anonymous_10)
FNDA:0,(anonymous_11)
FNDA:0,(anonymous_12)
FNDA:0,(anonymous_13)
FNDA:0,(anonymous_14)
DA:1,0
DA:2,0
DA:4,0
DA:11,0
DA:14,0
DA:17,0
DA:24,0
DA:27,0
DA:34,0
DA:37,0
DA:40,0
DA:43,0
DA:46,0
DA:53,0
DA:56,0
DA:59,0
DA:62,0
DA:64,0
LF:18
LH:0
BRF:0
BRH:0
end_of_record
TN:
SF:src/api/routes/oauth.routes.ts
FNF:0
FNH:0
DA:1,0
DA:2,0
DA:3,0
DA:5,0
DA:15,0
DA:22,0
DA:29,0
DA:36,0
DA:43,0
DA:49,0
DA:55,0
DA:60,0
DA:66,0
DA:72,0
DA:74,0
LF:15
LH:0
BRF:0
BRH:0
end_of_record
TN:
SF:src/api/routes/posts.routes.ts
FNF:0
FNH:0
DA:1,0
DA:2,0
DA:3,0
DA:5,0
DA:10,0
DA:20,0
DA:30,0
DA:36,0
DA:42,0
DA:48,0
DA:58,0
DA:64,0
DA:70,0
DA:80,0
DA:91,0
DA:93,0
LF:16
LH:0
BRF:0
BRH:0
end_of_record
TN:
SF:src/api/routes/proxy.routes.ts
FN:11,(anonymous_1)
FN:14,(anonymous_2)
FN:17,(anonymous_3)
FN:20,(anonymous_4)
FN:23,(anonymous_5)
FN:30,(anonymous_6)
FN:37,(anonymous_7)
FN:40,(anonymous_8)
FN:47,(anonymous_9)
FN:50,(anonymous_10)
FN:53,(anonymous_11)
FN:56,(anonymous_12)
FN:63,(anonymous_13)
FN:66,(anonymous_14)
FN:73,(anonymous_15)
FN:76,(anonymous_16)
FN:79,(anonymous_17)
FNF:17
FNH:0
FNDA:0,(anonymous_1)
FNDA:0,(anonymous_2)
FNDA:0,(anonymous_3)
FNDA:0,(anonymous_4)
FNDA:0,(anonymous_5)
FNDA:0,(anonymous_6)
FNDA:0,(anonymous_7)
FNDA:0,(anonymous_8)
FNDA:0,(anonymous_9)
FNDA:0,(anonymous_10)
FNDA:0,(anonymous_11)
FNDA:0,(anonymous_12)
FNDA:0,(anonymous_13)
FNDA:0,(anonymous_14)
FNDA:0,(anonymous_15)
FNDA:0,(anonymous_16)
FNDA:0,(anonymous_17)
DA:1,0
DA:2,0
DA:4,0
DA:11,0
DA:14,0
DA:17,0
DA:20,0
DA:23,0
DA:30,0
DA:37,0
DA:40,0
DA:47,0
DA:50,0
DA:53,0
DA:56,0
DA:63,0
DA:66,0
DA:73,0
DA:76,0
DA:79,0
DA:81,0
LF:21
LH:0
BRF:0
BRH:0
end_of_record
TN:
SF:src/api/routes/schedules.routes.ts
FN:10,(anonymous_1)
FN:11,(anonymous_2)
FN:12,(anonymous_3)
FN:13,(anonymous_4)
FN:14,(anonymous_5)
FN:20,(anonymous_6)
FN:21,(anonymous_7)
FN:22,(anonymous_8)
FN:23,(anonymous_9)
FN:29,(anonymous_10)
FN:30,(anonymous_11)
FN:31,(anonymous_12)
FN:32,(anonymous_13)
FN:33,(anonymous_14)
FN:34,(anonymous_15)
FNF:15
FNH:0
FNDA:0,(anonymous_1)
FNDA:0,(anonymous_2)
FNDA:0,(anonymous_3)
FNDA:0,(anonymous_4)
FNDA:0,(anonymous_5)
FNDA:0,(anonymous_6)
FNDA:0,(anonymous_7)
FNDA:0,(anonymous_8)
FNDA:0,(anonymous_9)
FNDA:0,(anonymous_10)
FNDA:0,(anonymous_11)
FNDA:0,(anonymous_12)
FNDA:0,(anonymous_13)
FNDA:0,(anonymous_14)
FNDA:0,(anonymous_15)
DA:1,0
DA:2,0
DA:4,0
DA:10,0
DA:11,0
DA:12,0
DA:13,0
DA:14,0
DA:20,0
DA:21,0
DA:22,0
DA:23,0
DA:29,0
DA:30,0
DA:31,0
DA:32,0
DA:33,0
DA:34,0
DA:36,0
LF:19
LH:0
BRF:0
BRH:0
end_of_record
TN:
SF:src/api/routes/variations.routes.ts
FNF:0
FNH:0
DA:1,0
DA:2,0
DA:3,0
DA:4,0
DA:5,0
DA:6,0
DA:7,0
DA:8,0
DA:9,0
DA:10,0
LF:10
LH:0
BRF:0
BRH:0
end_of_record
TN:
SF:src/api/routes/warmup.routes.ts
FNF:0
FNH:0
DA:1,0
DA:2,0
DA:3,0
DA:5,0
DA:8,0
DA:15,0
DA:18,0
DA:21,0
DA:24,0
DA:27,0
DA:30,0
DA:33,0
DA:36,0
DA:39,0
DA:42,0
DA:44,0
LF:16
LH:0
BRF:0
BRH:0
end_of_record
TN:
SF:src/config/database.ts
FN:32,(anonymous_1)
FN:36,(anonymous_2)
FN:42,query
FN:56,closePool
FNF:4
FNH:0
FNDA:0,(anonymous_1)
FNDA:0,(anonymous_2)
FNDA:0,query
FNDA:0,closePool
DA:1,4
DA:2,4
DA:3,4
DA:5,4
DA:7,4
DA:29,4
DA:32,4
DA:33,0
DA:36,4
DA:37,0
DA:38,0
DA:42,4
DA:43,0
DA:44,0
DA:45,0
DA:46,0
DA:47,0
DA:48,0
DA:50,0
DA:51,0
DA:56,4
DA:57,0
DA:58,0
LF:23
LH:10
BRDA:8,0,0,4
BRDA:8,0,1,0
BRDA:9,1,0,4
BRDA:9,1,1,0
BRDA:10,2,0,4
BRDA:10,2,1,0
BRDA:11,3,0,4
BRDA:11,3,1,0
BRDA:12,4,0,4
BRDA:12,4,1,0
BRF:10
BRH:5
end_of_record
TN:
SF:src/config/env.ts
FN:39,(anonymous_1)
FN:75,(anonymous_2)
FN:79,(anonymous_3)
FN:87,(anonymous_4)
FN:98,(anonymous_5)
FN:106,(anonymous_6)
FN:124,(anonymous_7)
FN:128,(anonymous_8)
FN:132,(anonymous_9)
FN:136,(anonymous_10)
FNF:10
FNH:4
FNDA:3,(anonymous_1)
FNDA:33,(anonymous_2)
FNDA:3,(anonymous_3)
FNDA:3,(anonymous_4)
FNDA:0,(anonymous_5)
FNDA:0,(anonymous_6)
FNDA:0,(anonymous_7)
FNDA:0,(anonymous_8)
FNDA:0,(anonymous_9)
FNDA:0,(anonymous_10)
DA:1,3
DA:4,3
DA:41,3
DA:42,3
DA:45,3
DA:46,3
DA:47,3
DA:48,3
DA:49,3
DA:52,3
DA:53,3
DA:54,3
DA:55,3
DA:56,3
DA:59,3
DA:60,3
DA:63,3
DA:66,3
DA:67,3
DA:70,3
DA:71,0
DA:76,33
DA:80,3
DA:81,0
DA:83,3
DA:84,3
DA:88,3
DA:89,0
DA:91,3
DA:92,3
DA:93,3
DA:94,3
DA:95,3
DA:99,0
DA:106,0
DA:108,0
DA:109,0
DA:115,0
DA:116,0
DA:121,0
DA:125,0
DA:129,0
DA:133,0
DA:137,0
DA:138,0
DA:142,3
LF:46
LH:31
BRDA:41,0,0,3
BRDA:41,0,1,0
BRDA:42,1,0,3
BRDA:42,1,1,0
BRDA:70,2,0,0
BRDA:70,2,1,3
BRDA:76,3,0,33
BRDA:76,3,1,0
BRDA:80,4,0,0
BRDA:80,4,1,3
BRDA:88,5,0,0
BRDA:88,5,1,3
BRDA:108,6,0,0
BRDA:108,6,1,0
BRDA:115,7,0,0
BRDA:115,7,1,0
BRDA:137,8,0,0
BRDA:137,8,1,0
BRF:18
BRH:6
end_of_record
TN:
SF:src/config/logger.ts
FN:18,(anonymous_1)
FN:68,(anonymous_2)
FN:80,(anonymous_3)
FN:99,(anonymous_4)
FN:111,(anonymous_5)
FN:151,(anonymous_6)
FNF:6
FNH:0
FNDA:0,(anonymous_1)
FNDA:0,(anonymous_2)
FNDA:0,(anonymous_3)
FNDA:0,(anonymous_4)
FNDA:0,(anonymous_5)
FNDA:0,(anonymous_6)
DA:1,0
DA:2,0
DA:8,0
DA:15,0
DA:19,0
DA:20,0
DA:21,0
DA:23,0
DA:28,0
DA:60,0
DA:61,0
DA:62,0
DA:68,0
DA:69,0
DA:72,0
DA:80,0
DA:81,0
DA:82,0
DA:84,0
DA:93,0
DA:99,0
DA:100,0
DA:111,0
DA:112,0
DA:113,0
DA:117,0
DA:145,0
DA:147,0
DA:148,0
DA:151,0
DA:152,0
DA:155,0
DA:157,0
DA:158,0
DA:160,0
DA:164,0
DA:167,0
LF:37
LH:0
BRDA:20,0,0,0
BRDA:20,0,1,0
BRDA:29,1,0,0
BRDA:29,1,1,0
BRDA:61,2,0,0
BRDA:61,2,1,0
BRDA:82,3,0,0
BRDA:82,3,1,0
BRDA:112,4,0,0
BRDA:112,4,1,0
BRDA:112,5,0,0
BRDA:112,5,1,0
BRDA:145,6,0,0
BRDA:145,6,1,0
BRDA:155,7,0,0
BRDA:155,7,1,0
BRDA:158,8,0,0
BRDA:158,8,1,0
BRDA:158,9,0,0
BRDA:158,9,1,0
BRF:20
BRH:0
end_of_record
TN:
SF:src/config/redis.ts
FN:26,(anonymous_1)
FN:45,(anonymous_2)
FN:50,(anonymous_3)
FN:54,(anonymous_4)
FN:58,(anonymous_5)
FN:62,(anonymous_6)
FNF:6
FNH:1
FNDA:0,(anonymous_1)
FNDA:0,(anonymous_2)
FNDA:2,(anonymous_3)
FNDA:0,(anonymous_4)
FNDA:0,(anonymous_5)
FNDA:0,(anonymous_6)
DA:1,2
DA:2,2
DA:3,2
DA:19,2
DA:27,0
DA:28,0
DA:33,2
DA:39,2
DA:45,0
DA:50,2
DA:51,2
DA:54,2
DA:55,0
DA:58,2
DA:59,0
DA:62,2
DA:63,0
LF:17
LH:11
BRDA:20,0,0,2
BRDA:20,0,1,0
BRDA:21,1,0,2
BRDA:21,1,1,0
BRDA:23,2,0,2
BRDA:23,2,1,0
BRDA:33,3,0,2
BRDA:33,3,1,2
BRDA:40,4,0,2
BRDA:40,4,1,0
BRDA:41,5,0,2
BRDA:41,5,1,0
BRDA:43,6,0,2
BRDA:43,6,1,0
BRF:14
BRH:8
end_of_record
TN:
SF:src/config/swagger.ts
FNF:0
FNH:0
DA:13,0
LF:1
LH:0
BRF:0
BRH:0
end_of_record
TN:
SF:src/config/variations.ts
FN:61,randomInRange
FN:66,randomIntInRange
FNF:2
FNH:0
FNDA:0,randomInRange
FNDA:0,randomIntInRange
DA:36,0
DA:61,0
DA:62,0
DA:66,0
DA:67,0
LF:5
LH:0
BRF:0
BRH:0
end_of_record
TN:
SF:src/jobs/DistributionJob.ts
FN:22,(anonymous_1)
FN:36,(anonymous_2)
FN:37,(anonymous_3)
FN:38,(anonymous_4)
FNF:4
FNH:0
FNDA:0,(anonymous_1)
FNDA:0,(anonymous_2)
FNDA:0,(anonymous_3)
FNDA:0,(anonymous_4)
DA:1,0
DA:2,0
DA:3,0
DA:4,0
DA:17,0
DA:22,0
DA:23,0
DA:24,0
DA:25,0
DA:26,0
DA:27,0
DA:28,0
DA:29,0
DA:31,0
DA:32,0
DA:36,0
DA:37,0
DA:38,0
DA:40,0
LF:19
LH:0
BRDA:18,0,0,0
BRDA:18,0,1,0
BRDA:18,1,0,0
BRDA:18,1,1,0
BRDA:27,2,0,0
BRDA:27,2,1,0
BRDA:27,3,0,0
BRDA:27,3,1,0
BRF:8
BRH:0
end_of_record
TN:
SF:src/jobs/HealthCheckJob.ts
FN:44,(anonymous_1)
FN:98,scheduleHealthCheck
FN:102,(anonymous_3)
FN:130,checkAccountNow
FN:150,checkAllAccountsNow
FN:170,cancelHealthCheck
FN:173,(anonymous_7)
FN:188,getHealthCheckStats
FN:213,(anonymous_9)
FN:217,(anonymous_10)
FN:221,(anonymous_11)
FNF:11
FNH:0
FNDA:0,(anonymous_1)
FNDA:0,scheduleHealthCheck
FNDA:0,(anonymous_3)
FNDA:0,checkAccountNow
FNDA:0,checkAllAccountsNow
FNDA:0,cancelHealthCheck
FNDA:0,(anonymous_7)
FNDA:0,getHealthCheckStats
FNDA:0,(anonymous_9)
FNDA:0,(anonymous_10)
FNDA:0,(anonymous_11)
DA:1,0
DA:2,0
DA:3,0
DA:4,0
DA:5,0
DA:25,0
DA:44,0
DA:45,0
DA:47,0
DA:49,0
DA:50,0
DA:52,0
DA:54,0
DA:55,0
DA:58,0
DA:63,0
DA:70,0
DA:72,0
DA:79,0
DA:81,0
DA:83,0
DA:89,0
DA:90,0
DA:98,0
DA:99,0
DA:101,0
DA:102,0
DA:104,0
DA:105,0
DA:106,0
DA:110,0
DA:120,0
DA:122,0
DA:123,0
DA:130,0
DA:131,0
DA:132,0
DA:140,0
DA:142,0
DA:143,0
DA:150,0
DA:151,0
DA:152,0
DA:160,0
DA:162,0
DA:163,0
DA:170,0
DA:171,0
DA:172,0
DA:173,0
DA:175,0
DA:176,0
DA:177,0
DA:180,0
DA:181,0
DA:188,0
DA:195,0
DA:203,0
DA:213,0
DA:214,0
DA:217,0
DA:218,0
DA:221,0
DA:222,0
DA:225,0
LF:65
LH:0
BRDA:27,0,0,0
BRDA:27,0,1,0
BRDA:28,1,0,0
BRDA:28,1,1,0
BRDA:47,2,0,0
BRDA:47,2,1,0
BRDA:50,3,0,0
BRDA:50,3,1,0
BRDA:54,4,0,0
BRDA:54,4,1,0
BRDA:104,5,0,0
BRDA:104,5,1,0
BRDA:175,6,0,0
BRDA:175,6,1,0
BRF:14
BRH:0
end_of_record
TN:
SF:src/jobs/HealthMonitorJob.ts
FN:54,(anonymous_1)
FN:83,(anonymous_2)
FN:112,(anonymous_3)
FN:141,(anonymous_4)
FN:179,scheduleAutoMonitoring
FN:243,queueAccountMonitoring
FN:250,queueSwarmMonitoring
FN:257,queueDailyReport
FN:264,queueWeeklyReport
FN:272,(anonymous_10)
FN:276,(anonymous_11)
FN:280,(anonymous_12)
FNF:12
FNH:0
FNDA:0,(anonymous_1)
FNDA:0,(anonymous_2)
FNDA:0,(anonymous_3)
FNDA:0,(anonymous_4)
FNDA:0,scheduleAutoMonitoring
FNDA:0,queueAccountMonitoring
FNDA:0,queueSwarmMonitoring
FNDA:0,queueDailyReport
FNDA:0,queueWeeklyReport
FNDA:0,(anonymous_10)
FNDA:0,(anonymous_11)
FNDA:0,(anonymous_12)
DA:1,1
DA:2,1
DA:3,1
DA:4,1
DA:10,1
DA:11,1
DA:13,1
DA:54,1
DA:55,0
DA:57,0
DA:59,0
DA:60,0
DA:62,0
DA:64,0
DA:65,0
DA:68,0
DA:78,0
DA:79,0
DA:83,1
DA:84,0
DA:86,0
DA:88,0
DA:89,0
DA:91,0
DA:92,0
DA:93,0
DA:95,0
DA:107,0
DA:108,0
DA:112,1
DA:113,0
DA:115,0
DA:117,0
DA:118,0
DA:120,0
DA:125,0
DA:136,0
DA:137,0
DA:141,1
DA:142,0
DA:144,0
DA:146,0
DA:147,0
DA:149,0
DA:154,0
DA:166,0
DA:167,0
DA:179,1
DA:180,0
DA:182,0
DA:184,0
DA:189,0
DA:191,0
DA:193,0
DA:195,0
DA:207,0
DA:219,0
DA:231,0
DA:234,0
DA:236,0
DA:243,1
DA:244,0
DA:250,1
DA:251,0
DA:257,1
DA:258,0
DA:264,1
DA:265,0
DA:272,1
DA:273,0
DA:276,1
DA:277,0
DA:280,1
DA:281,0
DA:288,1
LF:75
LH:20
BRDA:10,0,0,1
BRDA:10,0,1,0
BRDA:11,1,0,1
BRDA:11,1,1,0
BRDA:64,2,0,0
BRDA:64,2,1,0
BRF:6
BRH:2
end_of_record
TN:
SF:src/jobs/PostJob.ts
FN:71,(anonymous_1)
FN:182,isRetryableError
FN:225,recordPostResult
FN:267,queuePost
FN:286,queueBatchPosts
FN:301,getPostJobStatus
FN:341,cancelPost
FN:361,retryPost
FN:381,getPostQueueStats
FN:408,pausePostQueue
FN:416,resumePostQueue
FN:424,getPendingPosts
FN:426,(anonymous_13)
FN:432,cleanCompletedJobs
FN:441,(anonymous_15)
FN:449,(anonymous_16)
FN:457,(anonymous_17)
FN:463,(anonymous_18)
FNF:18
FNH:0
FNDA:0,(anonymous_1)
FNDA:0,isRetryableError
FNDA:0,recordPostResult
FNDA:0,queuePost
FNDA:0,queueBatchPosts
FNDA:0,getPostJobStatus
FNDA:0,cancelPost
FNDA:0,retryPost
FNDA:0,getPostQueueStats
FNDA:0,pausePostQueue
FNDA:0,resumePostQueue
FNDA:0,getPendingPosts
FNDA:0,(anonymous_13)
FNDA:0,cleanCompletedJobs
FNDA:0,(anonymous_15)
FNDA:0,(anonymous_16)
FNDA:0,(anonymous_17)
FNDA:0,(anonymous_18)
DA:1,0
DA:2,0
DA:3,0
DA:4,0
DA:5,0
DA:6,0
DA:7,0
DA:58,0
DA:71,0
DA:72,0
DA:75,0
DA:77,0
DA:83,0
DA:88,0
DA:89,0
DA:90,0
DA:93,0
DA:94,0
DA:98,0
DA:107,0
DA:110,0
DA:119,0
DA:122,0
DA:125,0
DA:128,0
DA:135,0
DA:136,0
DA:138,0
DA:141,0
DA:143,0
DA:150,0
DA:160,0
DA:163,0
DA:166,0
DA:168,0
DA:171,0
DA:183,0
DA:193,0
DA:202,0
DA:205,0
DA:206,0
DA:207,0
DA:212,0
DA:213,0
DA:214,0
DA:219,0
DA:231,0
DA:232,0
DA:256,0
DA:267,0
DA:268,0
DA:279,0
DA:280,0
DA:286,0
DA:287,0
DA:289,0
DA:290,0
DA:291,0
DA:294,0
DA:295,0
DA:301,0
DA:307,0
DA:309,0
DA:310,0
DA:313,0
DA:314,0
DA:316,0
DA:317,0
DA:324,0
DA:325,0
DA:332,0
DA:341,0
DA:342,0
DA:344,0
DA:345,0
DA:348,0
DA:349,0
DA:350,0
DA:351,0
DA:352,0
DA:355,0
DA:361,0
DA:362,0
DA:364,0
DA:365,0
DA:368,0
DA:369,0
DA:370,0
DA:371,0
DA:372,0
DA:375,0
DA:381,0
DA:388,0
DA:396,0
DA:408,0
DA:409,0
DA:410,0
DA:416,0
DA:417,0
DA:418,0
DA:424,0
DA:425,0
DA:426,0
DA:432,0
DA:433,0
DA:434,0
DA:441,0
DA:442,0
DA:449,0
DA:450,0
DA:457,0
DA:458,0
DA:463,0
DA:464,0
DA:471,0
LF:115
LH:0
BRDA:60,0,0,0
BRDA:60,0,1,0
BRDA:61,1,0,0
BRDA:61,1,1,0
BRDA:89,2,0,0
BRDA:89,2,1,0
BRDA:93,3,0,0
BRDA:93,3,1,0
BRDA:93,4,0,0
BRDA:93,4,1,0
BRDA:122,5,0,0
BRDA:122,5,1,0
BRDA:135,6,0,0
BRDA:135,6,1,0
BRDA:154,7,0,0
BRDA:154,7,1,0
BRDA:166,8,0,0
BRDA:166,8,1,0
BRDA:202,9,0,0
BRDA:202,9,1,0
BRDA:206,10,0,0
BRDA:206,10,1,0
BRDA:213,11,0,0
BRDA:213,11,1,0
BRDA:240,12,0,0
BRDA:240,12,1,0
BRDA:241,13,0,0
BRDA:241,13,1,0
BRDA:250,14,0,0
BRDA:250,14,1,0
BRDA:251,15,0,0
BRDA:251,15,1,0
BRDA:252,16,0,0
BRDA:252,16,1,0
BRDA:272,17,0,0
BRDA:272,17,1,0
BRDA:273,18,0,0
BRDA:273,18,1,0
BRDA:309,19,0,0
BRDA:309,19,1,0
BRDA:316,20,0,0
BRDA:316,20,1,0
BRDA:324,21,0,0
BRDA:324,21,1,0
BRDA:344,22,0,0
BRDA:344,22,1,0
BRDA:349,23,0,0
BRDA:349,23,1,0
BRDA:349,24,0,0
BRDA:349,24,1,0
BRDA:364,25,0,0
BRDA:364,25,1,0
BRDA:369,26,0,0
BRDA:369,26,1,0
BRF:54
BRH:0
end_of_record
TN:
SF:src/jobs/ProxyJob.ts
FN:51,(anonymous_1)
FN:82,(anonymous_2)
FN:106,(anonymous_3)
FN:146,scheduleProxyHealthChecks
FN:197,queueHealthCheck
FN:204,queueAutoRotation
FN:211,queueProxyTest
FN:219,(anonymous_8)
FN:223,(anonymous_9)
FN:227,(anonymous_10)
FNF:10
FNH:0
FNDA:0,(anonymous_1)
FNDA:0,(anonymous_2)
FNDA:0,(anonymous_3)
FNDA:0,scheduleProxyHealthChecks
FNDA:0,queueHealthCheck
FNDA:0,queueAutoRotation
FNDA:0,queueProxyTest
FNDA:0,(anonymous_8)
FNDA:0,(anonymous_9)
FNDA:0,(anonymous_10)
DA:1,0
DA:2,0
DA:3,0
DA:4,0
DA:5,0
DA:6,0
DA:12,0
DA:13,0
DA:15,0
DA:51,0
DA:52,0
DA:54,0
DA:56,0
DA:57,0
DA:59,0
DA:62,0
DA:64,0
DA:77,0
DA:78,0
DA:82,0
DA:83,0
DA:85,0
DA:87,0
DA:88,0
DA:90,0
DA:92,0
DA:101,0
DA:102,0
DA:106,0
DA:107,0
DA:109,0
DA:111,0
DA:112,0
DA:114,0
DA:115,0
DA:118,0
DA:120,0
DA:122,0
DA:133,0
DA:134,0
DA:146,0
DA:147,0
DA:149,0
DA:151,0
DA:155,0
DA:157,0
DA:159,0
DA:161,0
DA:173,0
DA:185,0
DA:188,0
DA:190,0
DA:197,0
DA:198,0
DA:204,0
DA:205,0
DA:211,0
DA:212,0
DA:219,0
DA:220,0
DA:223,0
DA:224,0
DA:227,0
DA:228,0
DA:235,0
LF:65
LH:0
BRDA:12,0,0,0
BRDA:12,0,1,0
BRDA:13,1,0,0
BRDA:13,1,1,0
BRDA:114,2,0,0
BRDA:114,2,1,0
BRF:6
BRH:0
end_of_record
TN:
SF:src/jobs/ScheduleJob.ts
FN:32,(anonymous_1)
FN:76,startScheduleProcessor
FN:96,(anonymous_3)
FN:100,(anonymous_4)
FNF:4
FNH:0
FNDA:0,(anonymous_1)
FNDA:0,startScheduleProcessor
FNDA:0,(anonymous_3)
FNDA:0,(anonymous_4)
DA:1,0
DA:2,0
DA:3,0
DA:9,0
DA:10,0
DA:12,0
DA:32,0
DA:33,0
DA:35,0
DA:36,0
DA:38,0
DA:40,0
DA:41,0
DA:43,0
DA:47,0
DA:50,0
DA:53,0
DA:54,0
DA:60,0
DA:67,0
DA:68,0
DA:76,0
DA:78,0
DA:89,0
DA:96,0
DA:97,0
DA:100,0
DA:101,0
DA:104,0
LF:29
LH:0
BRDA:9,0,0,0
BRDA:9,0,1,0
BRDA:10,1,0,0
BRDA:10,1,1,0
BRF:4
BRH:0
end_of_record
TN:
SF:src/jobs/WarmupJob.ts
FN:46,(anonymous_1)
FN:99,executeWarmupAction
FN:182,executeFollowAction
FN:215,executeLikeAction
FN:254,executeCommentAction
FN:307,executeWatchStoryAction
FN:343,executePostStoryAction
FN:396,executePostFeedAction
FN:462,randomDelay
FN:464,(anonymous_10)
FN:471,scheduleWarmupTaskProcessing
FN:505,startWarmupScheduler
FN:518,getWarmupQueueStats
FN:538,processWarmupTasksNow
FN:543,(anonymous_15)
FN:547,(anonymous_16)
FN:551,(anonymous_17)
FNF:17
FNH:0
FNDA:0,(anonymous_1)
FNDA:0,executeWarmupAction
FNDA:0,executeFollowAction
FNDA:0,executeLikeAction
FNDA:0,executeCommentAction
FNDA:0,executeWatchStoryAction
FNDA:0,executePostStoryAction
FNDA:0,executePostFeedAction
FNDA:0,randomDelay
FNDA:0,(anonymous_10)
FNDA:0,scheduleWarmupTaskProcessing
FNDA:0,startWarmupScheduler
FNDA:0,getWarmupQueueStats
FNDA:0,processWarmupTasksNow
FNDA:0,(anonymous_15)
FNDA:0,(anonymous_16)
FNDA:0,(anonymous_17)
DA:1,0
DA:2,0
DA:3,0
DA:4,0
DA:6,0
DA:7,0
DA:30,0
DA:46,0
DA:47,0
DA:49,0
DA:51,0
DA:53,0
DA:56,0
DA:61,0
DA:62,0
DA:65,0
DA:68,0
DA:69,0
DA:70,0
DA:74,0
DA:77,0
DA:78,0
DA:79,0
DA:81,0
DA:82,0
DA:85,0
DA:87,0
DA:90,0
DA:92,0
DA:104,0
DA:106,0
DA:107,0
DA:115,0
DA:116,0
DA:119,0
DA:120,0
DA:122,0
DA:129,0
DA:132,0
DA:134,0
DA:135,0
DA:138,0
DA:139,0
DA:142,0
DA:143,0
DA:146,0
DA:147,0
DA:150,0
DA:151,0
DA:154,0
DA:155,0
DA:158,0
DA:165,0
DA:170,0
DA:171,0
DA:183,0
DA:185,0
DA:187,0
DA:188,0
DA:190,0
DA:191,0
DA:192,0
DA:195,0
DA:196,0
DA:199,0
DA:201,0
DA:206,0
DA:209,0
DA:216,0
DA:218,0
DA:220,0
DA:221,0
DA:223,0
DA:224,0
DA:225,0
DA:228,0
DA:235,0
DA:238,0
DA:240,0
DA:245,0
DA:248,0
DA:255,0
DA:258,0
DA:271,0
DA:273,0
DA:274,0
DA:276,0
DA:277,0
DA:278,0
DA:281,0
DA:284,0
DA:288,0
DA:291,0
DA:293,0
DA:298,0
DA:301,0
DA:308,0
DA:310,0
DA:312,0
DA:314,0
DA:315,0
DA:316,0
DA:319,0
DA:320,0
DA:323,0
DA:325,0
DA:330,0
DA:333,0
DA:348,0
DA:350,0
DA:351,0
DA:352,0
DA:355,0
DA:368,0
DA:372,0
DA:373,0
DA:376,0
DA:378,0
DA:383,0
DA:386,0
DA:401,0
DA:403,0
DA:405,0
DA:416,0
DA:417,0
DA:420,0
DA:432,0
DA:435,0
DA:440,0
DA:443,0
DA:446,0
DA:448,0
DA:453,0
DA:456,0
DA:463,0
DA:464,0
DA:471,0
DA:472,0
DA:473,0
DA:476,0
DA:478,0
DA:481,0
DA:482,0
DA:489,0
DA:495,0
DA:497,0
DA:505,0
DA:506,0
DA:509,0
DA:512,0
DA:518,0
DA:519,0
DA:520,0
DA:521,0
DA:522,0
DA:523,0
DA:525,0
DA:538,0
DA:539,0
DA:543,0
DA:544,0
DA:547,0
DA:548,0
DA:551,0
DA:552,0
DA:555,0
LF:166
LH:0
BRDA:61,0,0,0
BRDA:61,0,1,0
BRDA:68,1,0,0
BRDA:68,1,1,0
BRDA:77,2,0,0
BRDA:77,2,1,0
BRDA:81,3,0,0
BRDA:81,3,1,0
BRDA:106,4,0,0
BRDA:106,4,1,0
BRDA:106,5,0,0
BRDA:106,5,1,0
BRDA:132,6,0,0
BRDA:132,6,1,0
BRDA:132,6,2,0
BRDA:132,6,3,0
BRDA:132,6,4,0
BRDA:132,6,5,0
BRDA:132,6,6,0
BRDA:174,7,0,0
BRDA:174,7,1,0
BRDA:192,8,0,0
BRDA:192,8,1,0
BRF:23
BRH:0
end_of_record
TN:
SF:src/models/WarmupTask.ts
FN:238,getWarmupProtocolForDay
FN:239,(anonymous_1)
FN:245,getAllWarmupDays
FN:252,calculateWarmupProgress
FN:260,getNextWarmupDay
FN:267,isWarmupComplete
FNF:6
FNH:0
FNDA:0,getWarmupProtocolForDay
FNDA:0,(anonymous_1)
FNDA:0,getAllWarmupDays
FNDA:0,calculateWarmupProgress
FNDA:0,getNextWarmupDay
FNDA:0,isWarmupComplete
DA:65,0
DA:238,0
DA:239,0
DA:245,0
DA:246,0
DA:252,0
DA:253,0
DA:254,0
DA:260,0
DA:261,0
DA:267,0
DA:268,0
LF:12
LH:0
BRDA:239,0,0,0
BRDA:239,0,1,0
BRDA:261,1,0,0
BRDA:261,1,1,0
BRF:4
BRH:0
end_of_record
TN:
SF:src/services/auth/EncryptionService.ts
FN:13,(anonymous_1)
FN:23,(anonymous_2)
FN:34,(anonymous_3)
FN:58,(anonymous_4)
FN:87,(anonymous_5)
FN:96,(anonymous_6)
FNF:6
FNH:3
FNDA:2,(anonymous_1)
FNDA:0,(anonymous_2)
FNDA:19,(anonymous_3)
FNDA:14,(anonymous_4)
FNDA:0,(anonymous_5)
FNDA:0,(anonymous_6)
DA:1,2
DA:2,2
DA:9,2
DA:11,2
DA:15,2
DA:16,2
DA:24,0
DA:25,0
DA:26,0
DA:27,0
DA:35,19
DA:37,19
DA:40,19
DA:43,19
DA:44,19
DA:47,19
DA:49,0
DA:50,0
DA:59,14
DA:61,14
DA:62,14
DA:63,1
DA:66,13
DA:67,13
DA:70,13
DA:73,13
DA:74,13
DA:76,12
DA:78,2
DA:79,2
DA:88,0
DA:89,0
DA:90,0
DA:97,0
DA:98,0
DA:103,2
LF:36
LH:25
BRDA:15,0,0,2
BRDA:15,0,1,0
BRDA:62,1,0,1
BRDA:62,1,1,13
BRF:4
BRH:3
end_of_record
TN:
SF:src/services/auth/GoogleOAuthService.ts
FN:34,(anonymous_0)
FN:53,(anonymous_1)
FN:76,(anonymous_2)
FN:136,(anonymous_3)
FN:183,(anonymous_4)
FN:190,(anonymous_5)
FNF:6
FNH:0
FNDA:0,(anonymous_0)
FNDA:0,(anonymous_1)
FNDA:0,(anonymous_2)
FNDA:0,(anonymous_3)
FNDA:0,(anonymous_4)
FNDA:0,(anonymous_5)
DA:1,0
DA:2,0
DA:28,0
DA:35,0
DA:36,0
DA:37,0
DA:39,0
DA:45,0
DA:46,0
DA:54,0
DA:55,0
DA:58,0
DA:63,0
DA:70,0
DA:77,0
DA:78,0
DA:81,0
DA:82,0
DA:85,0
DA:86,0
DA:92,0
DA:97,0
DA:99,0
DA:100,0
DA:106,0
DA:117,0
DA:119,0
DA:124,0
DA:125,0
DA:137,0
DA:138,0
DA:140,0
DA:145,0
DA:147,0
DA:148,0
DA:154,0
DA:165,0
DA:167,0
DA:172,0
DA:173,0
DA:184,0
DA:195,0
DA:203,0
LF:43
LH:0
BRDA:35,0,0,0
BRDA:35,0,1,0
BRDA:36,1,0,0
BRDA:36,1,1,0
BRDA:37,2,0,0
BRDA:37,2,1,0
BRDA:45,3,0,0
BRDA:45,3,1,0
BRDA:45,4,0,0
BRDA:45,4,1,0
BRDA:54,5,0,0
BRDA:54,5,1,0
BRDA:66,6,0,0
BRDA:66,6,1,0
BRDA:85,7,0,0
BRDA:85,7,1,0
BRDA:99,8,0,0
BRDA:99,8,1,0
BRDA:109,9,0,0
BRDA:109,9,1,0
BRDA:127,10,0,0
BRDA:127,10,1,0
BRDA:147,11,0,0
BRDA:147,11,1,0
BRDA:157,12,0,0
BRDA:157,12,1,0
BRDA:175,13,0,0
BRDA:175,13,1,0
BRDA:184,14,0,0
BRDA:184,14,1,0
BRDA:197,15,0,0
BRDA:197,15,1,0
BRF:32
BRH:0
end_of_record
TN:
SF:src/services/auth/InstagramOAuthService.ts
FN:47,(anonymous_1)
FN:64,(anonymous_2)
FN:84,(anonymous_3)
FN:131,(anonymous_4)
FN:151,(anonymous_5)
FN:178,(anonymous_6)
FN:203,(anonymous_7)
FN:215,(anonymous_8)
FNF:8
FNH:0
FNDA:0,(anonymous_1)
FNDA:0,(anonymous_2)
FNDA:0,(anonymous_3)
FNDA:0,(anonymous_4)
FNDA:0,(anonymous_5)
FNDA:0,(anonymous_6)
FNDA:0,(anonymous_7)
FNDA:0,(anonymous_8)
DA:1,0
DA:3,0
DA:41,0
DA:43,0
DA:44,0
DA:45,0
DA:49,0
DA:55,0
DA:56,0
DA:65,0
DA:66,0
DA:69,0
DA:77,0
DA:85,0
DA:86,0
DA:88,0
DA:104,0
DA:106,0
DA:109,0
DA:111,0
DA:119,0
DA:121,0
DA:132,0
DA:133,0
DA:140,0
DA:142,0
DA:143,0
DA:155,0
DA:156,0
DA:164,0
DA:169,0
DA:170,0
DA:182,0
DA:183,0
DA:190,0
DA:195,0
DA:196,0
DA:204,0
DA:205,0
DA:206,0
DA:208,0
DA:216,0
DA:220,0
LF:43
LH:0
BRDA:49,0,0,0
BRDA:49,0,1,0
BRDA:50,1,0,0
BRDA:50,1,1,0
BRDA:51,2,0,0
BRDA:51,2,1,0
BRDA:52,3,0,0
BRDA:52,3,1,0
BRDA:55,4,0,0
BRDA:55,4,1,0
BRDA:55,5,0,0
BRDA:55,5,1,0
BRDA:65,6,0,0
BRDA:65,6,1,0
BRDA:74,7,0,0
BRDA:74,7,1,0
BRDA:119,8,0,0
BRDA:119,8,1,0
BRDA:123,9,0,0
BRDA:123,9,1,0
BRDA:123,9,2,0
BRDA:142,10,0,0
BRDA:142,10,1,0
BRDA:169,11,0,0
BRDA:169,11,1,0
BRDA:195,12,0,0
BRDA:195,12,1,0
BRDA:216,13,0,0
BRDA:216,13,1,0
BRF:29
BRH:0
end_of_record
TN:
SF:src/services/auth/JwtService.ts
FN:29,(anonymous_1)
FN:42,(anonymous_2)
FN:56,(anonymous_3)
FN:70,(anonymous_4)
FN:87,(anonymous_5)
FN:107,(anonymous_6)
FN:121,(anonymous_7)
FN:133,(anonymous_8)
FN:154,(anonymous_9)
FNF:9
FNH:0
FNDA:0,(anonymous_1)
FNDA:0,(anonymous_2)
FNDA:0,(anonymous_3)
FNDA:0,(anonymous_4)
FNDA:0,(anonymous_5)
FNDA:0,(anonymous_6)
FNDA:0,(anonymous_7)
FNDA:0,(anonymous_8)
FNDA:0,(anonymous_9)
DA:1,0
DA:2,0
DA:3,0
DA:25,0
DA:30,0
DA:31,0
DA:33,0
DA:34,0
DA:35,0
DA:43,0
DA:44,0
DA:48,0
DA:49,0
DA:57,0
DA:58,0
DA:62,0
DA:63,0
DA:71,0
DA:72,0
DA:75,0
DA:77,0
DA:88,0
DA:89,0
DA:91,0
DA:93,0
DA:94,0
DA:96,0
DA:97,0
DA:99,0
DA:100,0
DA:108,0
DA:109,0
DA:111,0
DA:113,0
DA:114,0
DA:122,0
DA:123,0
DA:125,0
DA:126,0
DA:134,0
DA:135,0
DA:137,0
DA:139,0
DA:141,0
DA:143,0
DA:145,0
DA:147,0
DA:155,0
DA:156,0
DA:157,0
DA:158,0
DA:161,0
DA:162,0
DA:164,0
DA:169,0
LF:55
LH:0
BRDA:30,0,0,0
BRDA:30,0,1,0
BRDA:31,1,0,0
BRDA:31,1,1,0
BRDA:33,2,0,0
BRDA:33,2,1,0
BRDA:33,3,0,0
BRDA:33,3,1,0
BRDA:93,4,0,0
BRDA:93,4,1,0
BRDA:96,5,0,0
BRDA:96,5,1,0
BRDA:137,6,0,0
BRDA:137,6,1,0
BRDA:137,6,2,0
BRDA:137,6,3,0
BRDA:137,6,4,0
BRDA:157,7,0,0
BRDA:157,7,1,0
BRDA:157,8,0,0
BRDA:157,8,1,0
BRF:21
BRH:0
end_of_record
TN:
SF:src/services/auth/OAuthStateService.ts
FN:16,(anonymous_1)
FN:24,(anonymous_2)
FN:42,(anonymous_3)
FN:75,(anonymous_4)
FNF:4
FNH:4
FNDA:104,(anonymous_1)
FNDA:4,(anonymous_2)
FNDA:9,(anonymous_3)
FNDA:4,(anonymous_4)
DA:1,1
DA:2,1
DA:3,1
DA:9,1
DA:10,17
DA:11,17
DA:17,104
DA:25,4
DA:26,4
DA:27,4
DA:29,4
DA:31,3
DA:33,1
DA:34,1
DA:43,9
DA:44,9
DA:45,9
DA:47,8
DA:48,4
DA:51,4
DA:55,4
DA:57,4
DA:59,3
DA:64,3
DA:66,2
DA:67,2
DA:76,4
DA:77,4
DA:78,4
DA:80,3
DA:81,3
DA:82,5
DA:83,5
DA:85,2
DA:86,2
DA:90,3
DA:91,1
DA:94,3
DA:96,1
DA:97,1
DA:102,1
LF:41
LH:41
BRDA:47,0,0,4
BRDA:47,0,1,4
BRDA:83,1,0,2
BRDA:83,1,1,3
BRDA:90,2,0,1
BRDA:90,2,1,2
BRF:6
BRH:6
end_of_record
TN:
SF:src/services/auth/UserService.ts
FN:38,(anonymous_0)
FN:55,(anonymous_1)
FN:72,(anonymous_2)
FN:89,(anonymous_3)
FN:122,(anonymous_4)
FN:177,(anonymous_5)
FN:191,(anonymous_6)
FN:261,(anonymous_7)
FNF:8
FNH:0
FNDA:0,(anonymous_0)
FNDA:0,(anonymous_1)
FNDA:0,(anonymous_2)
FNDA:0,(anonymous_3)
FNDA:0,(anonymous_4)
FNDA:0,(anonymous_5)
FNDA:0,(anonymous_6)
FNDA:0,(anonymous_7)
DA:1,0
DA:2,0
DA:34,0
DA:39,0
DA:40,0
DA:45,0
DA:47,0
DA:48,0
DA:56,0
DA:57,0
DA:62,0
DA:64,0
DA:65,0
DA:73,0
DA:74,0
DA:79,0
DA:81,0
DA:82,0
DA:90,0
DA:91,0
DA:110,0
DA:112,0
DA:114,0
DA:115,0
DA:123,0
DA:124,0
DA:125,0
DA:126,0
DA:128,0
DA:129,0
DA:130,0
DA:132,0
DA:133,0
DA:134,0
DA:136,0
DA:137,0
DA:138,0
DA:140,0
DA:141,0
DA:142,0
DA:144,0
DA:145,0
DA:146,0
DA:148,0
DA:149,0
DA:150,0
DA:153,0
DA:154,0
DA:156,0
DA:161,0
DA:162,0
DA:165,0
DA:167,0
DA:169,0
DA:170,0
DA:178,0
DA:179,0
DA:184,0
DA:192,0
DA:194,0
DA:196,0
DA:198,0
DA:207,0
DA:209,0
DA:211,0
DA:215,0
DA:217,0
DA:219,0
DA:229,0
DA:231,0
DA:233,0
DA:237,0
DA:249,0
DA:251,0
DA:253,0
DA:254,0
DA:262,0
DA:263,0
DA:264,0
DA:266,0
DA:267,0
DA:272,0
LF:82
LH:0
BRDA:45,0,0,0
BRDA:45,0,1,0
BRDA:62,1,0,0
BRDA:62,1,1,0
BRDA:79,2,0,0
BRDA:79,2,1,0
BRDA:99,3,0,0
BRDA:99,3,1,0
BRDA:101,4,0,0
BRDA:101,4,1,0
BRDA:102,5,0,0
BRDA:102,5,1,0
BRDA:103,6,0,0
BRDA:103,6,1,0
BRDA:104,7,0,0
BRDA:104,7,1,0
BRDA:105,8,0,0
BRDA:105,8,1,0
BRDA:106,9,0,0
BRDA:106,9,1,0
BRDA:128,10,0,0
BRDA:128,10,1,0
BRDA:132,11,0,0
BRDA:132,11,1,0
BRDA:136,12,0,0
BRDA:136,12,1,0
BRDA:140,13,0,0
BRDA:140,13,1,0
BRDA:144,14,0,0
BRDA:144,14,1,0
BRDA:148,15,0,0
BRDA:148,15,1,0
BRDA:161,16,0,0
BRDA:161,16,1,0
BRDA:196,17,0,0
BRDA:196,17,1,0
BRDA:217,18,0,0
BRDA:217,18,1,0
BRF:38
BRH:0
end_of_record
TN:
SF:src/services/cache/CacheService.ts
FN:14,(anonymous_0)
FN:29,(anonymous_1)
FN:41,(anonymous_2)
FN:52,(anonymous_3)
FN:68,(anonymous_4)
FN:81,(anonymous_5)
FN:104,(anonymous_6)
FN:124,(anonymous_7)
FN:142,(anonymous_8)
FNF:9
FNH:0
FNDA:0,(anonymous_0)
FNDA:0,(anonymous_1)
FNDA:0,(anonymous_2)
FNDA:0,(anonymous_3)
FNDA:0,(anonymous_4)
FNDA:0,(anonymous_5)
FNDA:0,(anonymous_6)
FNDA:0,(anonymous_7)
FNDA:0,(anonymous_8)
DA:1,2
DA:2,2
DA:10,2
DA:15,0
DA:16,0
DA:17,0
DA:19,0
DA:21,0
DA:22,0
DA:30,0
DA:31,0
DA:33,0
DA:42,0
DA:43,0
DA:45,0
DA:53,0
DA:54,0
DA:55,0
DA:57,0
DA:58,0
DA:60,0
DA:61,0
DA:69,0
DA:70,0
DA:71,0
DA:73,0
DA:74,0
DA:87,0
DA:88,0
DA:89,0
DA:93,0
DA:96,0
DA:98,0
DA:105,0
DA:114,0
DA:115,0
DA:118,0
DA:125,0
DA:132,0
DA:133,0
DA:136,0
DA:143,0
DA:148,2
DA:157,2
DA:172,2
LF:45
LH:6
BRDA:17,0,0,0
BRDA:17,0,1,0
BRDA:29,1,0,0
BRDA:55,2,0,0
BRDA:55,2,1,0
BRDA:84,3,0,0
BRDA:88,4,0,0
BRDA:88,4,1,0
BRF:8
BRH:0
end_of_record
TN:
SF:src/services/distribution/AccountSelector.ts
FN:11,(anonymous_0)
FN:29,(anonymous_1)
FN:39,(anonymous_2)
FN:48,(anonymous_3)
FN:49,(anonymous_4)
FNF:5
FNH:0
FNDA:0,(anonymous_0)
FNDA:0,(anonymous_1)
FNDA:0,(anonymous_2)
FNDA:0,(anonymous_3)
FNDA:0,(anonymous_4)
DA:1,0
DA:2,0
DA:10,0
DA:12,0
DA:13,0
DA:14,0
DA:15,0
DA:16,0
DA:17,0
DA:19,0
DA:20,0
DA:21,0
DA:23,0
DA:24,0
DA:25,0
DA:26,0
DA:27,0
DA:30,0
DA:31,0
DA:32,0
DA:33,0
DA:35,0
DA:36,0
DA:37,0
DA:40,0
DA:41,0
DA:42,0
DA:43,0
DA:44,0
DA:46,0
DA:49,0
DA:50,0
DA:55,0
LF:33
LH:0
BRDA:15,0,0,0
BRDA:15,0,1,0
BRDA:15,1,0,0
BRDA:15,1,1,0
BRDA:19,2,0,0
BRDA:19,2,1,0
BRDA:31,3,0,0
BRDA:31,3,1,0
BRDA:35,4,0,0
BRDA:35,4,1,0
BRDA:36,5,0,0
BRDA:36,5,1,0
BRDA:40,6,0,0
BRDA:40,6,1,0
BRDA:50,7,0,0
BRDA:50,7,1,0
BRDA:50,7,2,0
BRDA:50,7,3,0
BRDA:50,7,4,0
BRF:19
BRH:0
end_of_record
TN:
SF:src/services/distribution/DistributionEngine.ts
FN:26,(anonymous_0)
FN:41,(anonymous_1)
FN:50,(anonymous_2)
FN:67,(anonymous_3)
FN:70,(anonymous_4)
FN:75,(anonymous_5)
FNF:6
FNH:0
FNDA:0,(anonymous_0)
FNDA:0,(anonymous_1)
FNDA:0,(anonymous_2)
FNDA:0,(anonymous_3)
FNDA:0,(anonymous_4)
FNDA:0,(anonymous_5)
DA:1,0
DA:2,0
DA:3,0
DA:4,0
DA:5,0
DA:6,0
DA:7,0
DA:25,0
DA:27,0
DA:28,0
DA:30,0
DA:31,0
DA:32,0
DA:33,0
DA:36,0
DA:37,0
DA:38,0
DA:39,0
DA:41,0
DA:42,0
DA:43,0
DA:45,0
DA:46,0
DA:48,0
DA:49,0
DA:50,0
DA:51,0
DA:52,0
DA:53,0
DA:59,0
DA:60,0
DA:63,0
DA:64,0
DA:68,0
DA:69,0
DA:70,0
DA:71,0
DA:72,0
DA:76,0
DA:79,0
LF:40
LH:0
BRDA:31,0,0,0
BRDA:31,0,1,0
BRDA:39,1,0,0
BRDA:39,1,1,0
BRDA:51,2,0,0
BRDA:51,2,1,0
BRDA:70,3,0,0
BRDA:70,3,1,0
BRF:8
BRH:0
end_of_record
TN:
SF:src/services/distribution/RiskManager.ts
FN:12,(anonymous_0)
FN:27,(anonymous_1)
FN:36,(anonymous_2)
FNF:3
FNH:0
FNDA:0,(anonymous_0)
FNDA:0,(anonymous_1)
FNDA:0,(anonymous_2)
DA:1,0
DA:2,0
DA:10,0
DA:11,0
DA:13,0
DA:14,0
DA:15,0
DA:16,0
DA:17,0
DA:18,0
DA:19,0
DA:20,0
DA:22,0
DA:23,0
DA:24,0
DA:25,0
DA:28,0
DA:29,0
DA:30,0
DA:31,0
DA:33,0
DA:34,0
DA:37,0
DA:38,0
DA:39,0
DA:40,0
DA:43,0
LF:27
LH:0
BRDA:15,0,0,0
BRDA:15,0,1,0
BRDA:16,1,0,0
BRDA:16,1,1,0
BRDA:20,2,0,0
BRDA:20,2,1,0
BRDA:23,3,0,0
BRDA:23,3,1,0
BRDA:23,4,0,0
BRDA:23,4,1,0
BRDA:24,5,0,0
BRDA:24,5,1,0
BRDA:24,6,0,0
BRDA:24,6,1,0
BRDA:24,7,0,0
BRDA:24,7,1,0
BRDA:30,8,0,0
BRDA:30,8,1,0
BRDA:31,9,0,0
BRDA:31,9,1,0
BRDA:33,10,0,0
BRDA:33,10,1,0
BRF:22
BRH:0
end_of_record
TN:
SF:src/services/distribution/SchedulingAlgorithm.ts
FN:20,(anonymous_0)
FN:21,(anonymous_1)
FN:32,(anonymous_2)
FN:33,(anonymous_3)
FN:35,(anonymous_4)
FN:36,(anonymous_5)
FN:38,(anonymous_6)
FN:40,(anonymous_7)
FNF:8
FNH:0
FNDA:0,(anonymous_0)
FNDA:0,(anonymous_1)
FNDA:0,(anonymous_2)
FNDA:0,(anonymous_3)
FNDA:0,(anonymous_4)
FNDA:0,(anonymous_5)
FNDA:0,(anonymous_6)
FNDA:0,(anonymous_7)
DA:1,0
DA:14,0
DA:18,0
DA:20,0
DA:22,0
DA:23,0
DA:24,0
DA:25,0
DA:26,0
DA:27,0
DA:28,0
DA:30,0
DA:33,0
DA:36,0
DA:39,0
DA:40,0
DA:43,0
LF:17
LH:0
BRDA:21,0,0,0
BRDA:27,1,0,0
BRDA:27,1,1,0
BRDA:28,2,0,0
BRDA:28,2,1,0
BRDA:33,3,0,0
BRDA:33,3,1,0
BRDA:40,4,0,0
BRDA:40,4,1,0
BRDA:40,5,0,0
BRDA:40,5,1,0
BRF:11
BRH:0
end_of_record
TN:
SF:src/services/groups/GroupService.ts
FN:75,(anonymous_0)
FN:107,(anonymous_1)
FN:122,(anonymous_2)
FN:131,(anonymous_3)
FN:141,(anonymous_4)
FN:206,(anonymous_5)
FN:228,(anonymous_6)
FN:251,(anonymous_7)
FN:271,(anonymous_8)
FN:295,(anonymous_9)
FN:303,(anonymous_10)
FN:328,(anonymous_11)
FN:336,(anonymous_12)
FN:358,(anonymous_13)
FN:375,(anonymous_14)
FN:384,(anonymous_15)
FN:398,(anonymous_16)
FN:456,(anonymous_17)
FN:481,(anonymous_18)
FNF:19
FNH:0
FNDA:0,(anonymous_0)
FNDA:0,(anonymous_1)
FNDA:0,(anonymous_2)
FNDA:0,(anonymous_3)
FNDA:0,(anonymous_4)
FNDA:0,(anonymous_5)
FNDA:0,(anonymous_6)
FNDA:0,(anonymous_7)
FNDA:0,(anonymous_8)
FNDA:0,(anonymous_9)
FNDA:0,(anonymous_10)
FNDA:0,(anonymous_11)
FNDA:0,(anonymous_12)
FNDA:0,(anonymous_13)
FNDA:0,(anonymous_14)
FNDA:0,(anonymous_15)
FNDA:0,(anonymous_16)
FNDA:0,(anonymous_17)
FNDA:0,(anonymous_18)
DA:1,0
DA:3,0
DA:76,0
DA:77,0
DA:83,0
DA:92,0
DA:93,0
DA:94,0
DA:96,0
DA:97,0
DA:99,0
DA:100,0
DA:108,0
DA:109,0
DA:110,0
DA:111,0
DA:112,0
DA:114,0
DA:115,0
DA:123,0
DA:124,0
DA:130,0
DA:131,0
DA:133,0
DA:134,0
DA:142,0
DA:143,0
DA:144,0
DA:145,0
DA:147,0
DA:148,0
DA:149,0
DA:152,0
DA:153,0
DA:154,0
DA:157,0
DA:158,0
DA:159,0
DA:162,0
DA:163,0
DA:164,0
DA:167,0
DA:168,0
DA:169,0
DA:172,0
DA:173,0
DA:174,0
DA:177,0
DA:178,0
DA:181,0
DA:183,0
DA:190,0
DA:191,0
DA:192,0
DA:195,0
DA:196,0
DA:198,0
DA:199,0
DA:207,0
DA:208,0
DA:210,0
DA:211,0
DA:214,0
DA:216,0
DA:217,0
DA:229,0
DA:230,0
DA:240,0
DA:241,0
DA:243,0
DA:244,0
DA:252,0
DA:253,0
DA:260,0
DA:261,0
DA:263,0
DA:264,0
DA:272,0
DA:273,0
DA:274,0
DA:275,0
DA:278,0
DA:284,0
DA:285,0
DA:287,0
DA:288,0
DA:296,0
DA:297,0
DA:298,0
DA:299,0
DA:302,0
DA:303,0
DA:304,0
DA:306,0
DA:307,0
DA:314,0
DA:317,0
DA:318,0
DA:320,0
DA:321,0
DA:329,0
DA:330,0
DA:331,0
DA:332,0
DA:335,0
DA:336,0
DA:337,0
DA:339,0
DA:346,0
DA:347,0
DA:348,0
DA:350,0
DA:351,0
DA:359,0
DA:360,0
DA:361,0
DA:362,0
DA:363,0
DA:364,0
DA:366,0
DA:367,0
DA:368,0
DA:376,0
DA:377,0
DA:383,0
DA:384,0
DA:386,0
DA:387,0
DA:399,0
DA:400,0
DA:401,0
DA:402,0
DA:413,0
DA:423,0
DA:424,0
DA:427,0
DA:435,0
DA:436,0
DA:438,0
DA:448,0
DA:449,0
DA:457,0
DA:458,0
DA:459,0
DA:460,0
DA:463,0
DA:469,0
DA:470,0
DA:472,0
DA:473,0
DA:482,0
DA:502,0
LF:152
LH:0
BRDA:86,0,0,0
BRDA:86,0,1,0
BRDA:87,1,0,0
BRDA:87,1,1,0
BRDA:88,2,0,0
BRDA:88,2,1,0
BRDA:89,3,0,0
BRDA:89,3,1,0
BRDA:96,4,0,0
BRDA:96,4,1,0
BRDA:111,5,0,0
BRDA:111,5,1,0
BRDA:147,6,0,0
BRDA:147,6,1,0
BRDA:152,7,0,0
BRDA:152,7,1,0
BRDA:157,8,0,0
BRDA:157,8,1,0
BRDA:162,9,0,0
BRDA:162,9,1,0
BRDA:167,10,0,0
BRDA:167,10,1,0
BRDA:172,11,0,0
BRDA:172,11,1,0
BRDA:177,12,0,0
BRDA:177,12,1,0
BRDA:191,13,0,0
BRDA:191,13,1,0
BRDA:199,14,0,0
BRDA:199,14,1,0
BRDA:210,15,0,0
BRDA:210,15,1,0
BRDA:217,16,0,0
BRDA:217,16,1,0
BRDA:274,17,0,0
BRDA:274,17,1,0
BRDA:274,18,0,0
BRDA:274,18,1,0
BRDA:298,19,0,0
BRDA:298,19,1,0
BRDA:306,20,0,0
BRDA:306,20,1,0
BRDA:321,21,0,0
BRDA:321,21,1,0
BRDA:331,22,0,0
BRDA:331,22,1,0
BRDA:351,23,0,0
BRDA:351,23,1,0
BRDA:401,24,0,0
BRDA:401,24,1,0
BRDA:401,25,0,0
BRDA:401,25,1,0
BRDA:439,26,0,0
BRDA:439,26,1,0
BRDA:440,27,0,0
BRDA:440,27,1,0
BRDA:441,28,0,0
BRDA:441,28,1,0
BRDA:442,29,0,0
BRDA:442,29,1,0
BRDA:444,30,0,0
BRDA:444,30,1,0
BRDA:445,31,0,0
BRDA:445,31,1,0
BRDA:459,32,0,0
BRDA:459,32,1,0
BRDA:459,33,0,0
BRDA:459,33,1,0
BRDA:470,34,0,0
BRDA:470,34,1,0
BRDA:488,35,0,0
BRDA:488,35,1,0
BRDA:489,36,0,0
BRDA:489,36,1,0
BRDA:490,37,0,0
BRDA:490,37,1,0
BRDA:490,38,0,0
BRDA:490,38,1,0
BRF:78
BRH:0
end_of_record
TN:
SF:src/services/health/AlertManager.ts
FN:9,(anonymous_0)
FN:23,(anonymous_1)
FN:68,(anonymous_2)
FN:69,(anonymous_3)
FN:77,(anonymous_4)
FN:78,(anonymous_5)
FN:86,(anonymous_6)
FN:87,(anonymous_7)
FN:95,(anonymous_8)
FN:96,(anonymous_9)
FN:104,(anonymous_10)
FN:105,(anonymous_11)
FN:113,(anonymous_12)
FN:114,(anonymous_13)
FN:122,(anonymous_14)
FN:123,(anonymous_15)
FN:131,(anonymous_16)
FN:136,(anonymous_17)
FN:149,(anonymous_18)
FN:150,(anonymous_19)
FN:158,(anonymous_20)
FN:227,(anonymous_21)
FN:246,(anonymous_22)
FN:256,(anonymous_23)
FN:270,(anonymous_24)
FN:280,(anonymous_25)
FN:301,(anonymous_26)
FN:327,(anonymous_27)
FN:346,(anonymous_28)
FN:372,(anonymous_29)
FN:394,(anonymous_30)
FN:456,(anonymous_31)
FNF:32
FNH:2
FNDA:2,(anonymous_0)
FNDA:2,(anonymous_1)
FNDA:0,(anonymous_2)
FNDA:0,(anonymous_3)
FNDA:0,(anonymous_4)
FNDA:0,(anonymous_5)
FNDA:0,(anonymous_6)
FNDA:0,(anonymous_7)
FNDA:0,(anonymous_8)
FNDA:0,(anonymous_9)
FNDA:0,(anonymous_10)
FNDA:0,(anonymous_11)
FNDA:0,(anonymous_12)
FNDA:0,(anonymous_13)
FNDA:0,(anonymous_14)
FNDA:0,(anonymous_15)
FNDA:0,(anonymous_16)
FNDA:0,(anonymous_17)
FNDA:0,(anonymous_18)
FNDA:0,(anonymous_19)
FNDA:0,(anonymous_20)
FNDA:0,(anonymous_21)
FNDA:0,(anonymous_22)
FNDA:0,(anonymous_23)
FNDA:0,(anonymous_24)
FNDA:0,(anonymous_25)
FNDA:0,(anonymous_26)
FNDA:0,(anonymous_27)
FNDA:0,(anonymous_28)
FNDA:0,(anonymous_29)
FNDA:0,(anonymous_30)
FNDA:0,(anonymous_31)
DA:1,2
DA:2,2
DA:9,2
DA:10,2
DA:11,2
DA:12,2
DA:13,2
DA:14,2
DA:15,2
DA:16,2
DA:17,2
DA:18,2
DA:19,2
DA:20,2
DA:23,2
DA:24,2
DA:25,2
DA:26,2
DA:27,2
DA:58,2
DA:63,2
DA:68,0
DA:69,0
DA:77,0
DA:78,0
DA:86,0
DA:87,0
DA:95,0
DA:96,0
DA:104,0
DA:105,0
DA:113,0
DA:114,0
DA:122,0
DA:123,0
DA:132,0
DA:133,0
DA:134,0
DA:137,0
DA:140,0
DA:149,0
DA:150,0
DA:165,0
DA:167,0
DA:169,0
DA:174,0
DA:175,0
DA:178,0
DA:181,0
DA:190,0
DA:191,0
DA:193,0
DA:197,0
DA:201,0
DA:209,0
DA:210,0
DA:212,0
DA:215,0
DA:217,0
DA:220,0
DA:228,0
DA:230,0
DA:231,0
DA:238,0
DA:239,0
DA:242,0
DA:244,0
DA:246,0
DA:249,0
DA:257,0
DA:259,0
DA:260,0
DA:270,0
DA:273,0
DA:281,0
DA:283,0
DA:284,0
DA:291,0
DA:294,0
DA:302,0
DA:304,0
DA:305,0
DA:307,0
DA:316,0
DA:319,0
DA:328,0
DA:330,0
DA:331,0
DA:332,0
DA:340,0
DA:347,0
DA:348,0
DA:350,0
DA:351,0
DA:352,0
DA:359,0
DA:361,0
DA:365,0
DA:374,0
DA:401,0
DA:403,0
DA:404,0
DA:417,0
DA:424,0
DA:426,0
DA:427,0
DA:428,0
DA:430,0
DA:431,0
DA:432,0
DA:433,0
DA:434,0
DA:436,0
DA:437,0
DA:440,0
DA:449,0
DA:457,0
DA:475,2
LF:118
LH:22
BRDA:9,0,0,2
BRDA:9,0,1,2
BRDA:23,1,0,2
BRDA:23,1,1,2
BRDA:68,2,0,0
BRDA:68,2,1,0
BRDA:77,3,0,0
BRDA:77,3,1,0
BRDA:77,3,2,0
BRDA:132,4,0,0
BRDA:132,4,1,0
BRDA:137,5,0,0
BRDA:137,5,1,0
BRDA:149,6,0,0
BRDA:149,6,1,0
BRDA:149,6,2,0
BRDA:174,7,0,0
BRDA:174,7,1,0
BRDA:190,8,0,0
BRDA:190,8,1,0
BRDA:206,9,0,0
BRDA:206,9,1,0
BRDA:227,10,0,0
BRDA:238,11,0,0
BRDA:238,11,1,0
BRDA:256,12,0,0
BRDA:305,13,0,0
BRDA:305,13,1,0
BRDA:331,14,0,0
BRDA:331,14,1,0
BRDA:436,15,0,0
BRDA:436,15,1,0
BRDA:437,16,0,0
BRDA:437,16,1,0
BRDA:464,17,0,0
BRDA:464,17,1,0
BRDA:464,18,0,0
BRDA:464,18,1,0
BRDA:468,19,0,0
BRDA:468,19,1,0
BRDA:469,20,0,0
BRDA:469,20,1,0
BRF:42
BRH:4
end_of_record
TN:
SF:src/services/health/HealthMonitor.ts
FN:74,(anonymous_1)
FN:145,(anonymous_2)
FN:198,(anonymous_3)
FN:234,(anonymous_4)
FN:251,(anonymous_5)
FN:270,(anonymous_6)
FN:273,(anonymous_7)
FN:280,(anonymous_8)
FN:282,(anonymous_9)
FN:305,(anonymous_10)
FN:353,(anonymous_11)
FN:356,(anonymous_12)
FN:383,(anonymous_13)
FN:451,(anonymous_14)
FN:482,(anonymous_15)
FN:504,(anonymous_16)
FN:524,(anonymous_17)
FNF:17
FNH:0
FNDA:0,(anonymous_1)
FNDA:0,(anonymous_2)
FNDA:0,(anonymous_3)
FNDA:0,(anonymous_4)
FNDA:0,(anonymous_5)
FNDA:0,(anonymous_6)
FNDA:0,(anonymous_7)
FNDA:0,(anonymous_8)
FNDA:0,(anonymous_9)
FNDA:0,(anonymous_10)
FNDA:0,(anonymous_11)
FNDA:0,(anonymous_12)
FNDA:0,(anonymous_13)
FNDA:0,(anonymous_14)
FNDA:0,(anonymous_15)
FNDA:0,(anonymous_16)
FNDA:0,(anonymous_17)
DA:1,1
DA:2,1
DA:3,1
DA:4,1
DA:5,1
DA:6,1
DA:68,1
DA:76,0
DA:77,0
DA:79,0
DA:80,0
DA:81,0
DA:84,0
DA:86,0
DA:88,0
DA:93,0
DA:94,0
DA:97,0
DA:100,0
DA:103,0
DA:106,0
DA:109,0
DA:112,0
DA:115,0
DA:118,0
DA:120,0
DA:132,0
DA:134,0
DA:137,0
DA:147,0
DA:148,0
DA:150,0
DA:151,0
DA:152,0
DA:155,0
DA:157,0
DA:159,0
DA:164,0
DA:167,0
DA:170,0
DA:171,0
DA:172,0
DA:174,0
DA:175,0
DA:176,0
DA:177,0
DA:179,0
DA:180,0
DA:181,0
DA:182,0
DA:185,0
DA:194,0
DA:197,0
DA:198,0
DA:201,0
DA:204,0
DA:206,0
DA:222,0
DA:224,0
DA:227,0
DA:235,0
DA:238,0
DA:239,0
DA:241,0
DA:242,0
DA:251,0
DA:265,0
DA:269,0
DA:270,0
DA:273,0
DA:279,0
DA:280,0
DA:282,0
DA:289,0
DA:291,0
DA:306,0
DA:307,0
DA:308,0
DA:311,0
DA:314,0
DA:315,0
DA:317,0
DA:318,0
DA:322,0
DA:325,0
DA:329,0
DA:331,0
DA:332,0
DA:333,0
DA:334,0
DA:335,0
DA:337,0
DA:344,0
DA:353,0
DA:355,0
DA:356,0
DA:359,0
DA:361,0
DA:363,0
DA:390,0
DA:392,0
DA:394,0
DA:399,0
DA:422,0
DA:424,0
DA:436,0
DA:444,0
DA:458,0
DA:460,0
DA:462,0
DA:463,0
DA:466,0
DA:467,0
DA:470,0
DA:472,0
DA:473,0
DA:476,0
DA:483,0
DA:485,0
DA:486,0
DA:488,0
DA:489,0
DA:492,0
DA:493,0
DA:495,0
DA:498,0
DA:505,0
DA:507,0
DA:508,0
DA:510,0
DA:511,0
DA:514,0
DA:515,0
DA:518,0
DA:525,0
DA:527,0
DA:528,0
DA:531,0
DA:532,0
DA:535,0
DA:536,0
DA:539,0
DA:540,0
DA:543,0
DA:544,0
DA:547,0
DA:551,1
LF:147
LH:8
BRDA:79,0,0,0
BRDA:79,0,1,0
BRDA:93,1,0,0
BRDA:93,1,1,0
BRDA:150,2,0,0
BRDA:150,2,1,0
BRDA:179,3,0,0
BRDA:179,3,1,0
BRDA:179,4,0,0
BRDA:179,4,1,0
BRDA:181,5,0,0
BRDA:181,5,1,0
BRDA:181,6,0,0
BRDA:181,6,1,0
BRDA:187,7,0,0
BRDA:187,7,1,0
BRDA:188,8,0,0
BRDA:188,8,1,0
BRDA:197,9,0,0
BRDA:197,9,1,0
BRDA:346,10,0,0
BRDA:346,10,1,0
BRDA:347,11,0,0
BRDA:347,11,1,0
BRDA:422,12,0,0
BRDA:422,12,1,0
BRDA:462,13,0,0
BRDA:462,13,1,0
BRDA:466,14,0,0
BRDA:466,14,1,0
BRDA:472,15,0,0
BRDA:472,15,1,0
BRDA:488,16,0,0
BRDA:488,16,1,0
BRDA:492,17,0,0
BRDA:492,17,1,0
BRDA:510,18,0,0
BRDA:510,18,1,0
BRDA:514,19,0,0
BRDA:514,19,1,0
BRDA:527,20,0,0
BRDA:527,20,1,0
BRDA:531,21,0,0
BRDA:531,21,1,0
BRDA:535,22,0,0
BRDA:535,22,1,0
BRDA:539,23,0,0
BRDA:539,23,1,0
BRDA:543,24,0,0
BRDA:543,24,1,0
BRF:50
BRH:0
end_of_record
TN:
SF:src/services/health/HealthScorer.ts
FN:41,(anonymous_0)
FN:87,(anonymous_1)
FN:124,(anonymous_2)
FN:158,(anonymous_3)
FN:169,(anonymous_4)
FN:179,(anonymous_5)
FN:201,(anonymous_6)
FN:243,(anonymous_7)
FN:256,(anonymous_8)
FN:274,(anonymous_9)
FN:292,(anonymous_10)
FN:353,(anonymous_11)
FNF:12
FNH:3
FNDA:10,(anonymous_0)
FNDA:0,(anonymous_1)
FNDA:0,(anonymous_2)
FNDA:17,(anonymous_3)
FNDA:0,(anonymous_4)
FNDA:0,(anonymous_5)
FNDA:0,(anonymous_6)
FNDA:0,(anonymous_7)
FNDA:10,(anonymous_8)
FNDA:0,(anonymous_9)
FNDA:0,(anonymous_10)
FNDA:0,(anonymous_11)
DA:35,2
DA:42,10
DA:45,10
DA:46,10
DA:49,10
DA:50,10
DA:53,10
DA:54,10
DA:57,10
DA:58,10
DA:61,10
DA:62,10
DA:66,10
DA:67,7
DA:71,10
DA:72,10
DA:76,10
DA:77,0
DA:81,10
DA:88,0
DA:91,0
DA:92,0
DA:94,0
DA:95,0
DA:96,0
DA:97,0
DA:98,0
DA:99,0
DA:103,0
DA:107,0
DA:108,0
DA:109,0
DA:110,0
DA:114,0
DA:115,0
DA:118,0
DA:125,0
DA:128,0
DA:131,0
DA:134,0
DA:137,0
DA:138,0
DA:141,0
DA:142,0
DA:146,0
DA:147,0
DA:148,0
DA:149,0
DA:152,0
DA:159,17
DA:160,13
DA:161,10
DA:162,7
DA:163,4
DA:170,0
DA:171,0
DA:179,0
DA:180,0
DA:183,0
DA:184,0
DA:185,0
DA:186,0
DA:188,0
DA:191,0
DA:203,0
DA:205,0
DA:207,0
DA:209,0
DA:211,0
DA:213,0
DA:218,0
DA:219,0
DA:220,0
DA:221,0
DA:223,0
DA:244,0
DA:245,0
DA:246,0
DA:247,0
DA:248,0
DA:249,0
DA:250,0
DA:257,10
DA:268,10
DA:275,0
DA:286,0
DA:293,0
DA:296,0
DA:297,0
DA:301,0
DA:302,0
DA:306,0
DA:307,0
DA:311,0
DA:312,0
DA:316,0
DA:317,0
DA:318,0
DA:319,0
DA:320,0
DA:321,0
DA:325,0
DA:326,0
DA:330,0
DA:331,0
DA:332,0
DA:333,0
DA:338,0
DA:339,0
DA:343,0
DA:344,0
DA:347,0
DA:354,0
DA:360,0
DA:361,0
DA:362,0
DA:363,0
DA:367,0
DA:368,0
DA:369,0
DA:370,0
DA:374,0
DA:375,0
DA:376,0
DA:377,0
DA:378,0
DA:379,0
DA:383,0
DA:384,0
DA:388,0
DA:389,0
DA:393,0
DA:394,0
DA:397,0
DA:401,2
LF:135
LH:26
BRDA:66,0,0,7
BRDA:66,0,1,3
BRDA:71,1,0,10
BRDA:71,1,1,0
BRDA:71,2,0,10
BRDA:71,2,1,10
BRDA:76,3,0,0
BRDA:76,3,1,10
BRDA:76,4,0,10
BRDA:76,4,1,10
BRDA:91,5,0,0
BRDA:91,5,1,0
BRDA:94,6,0,0
BRDA:94,6,1,0
BRDA:96,7,0,0
BRDA:96,7,1,0
BRDA:98,8,0,0
BRDA:98,8,1,0
BRDA:107,9,0,0
BRDA:107,9,1,0
BRDA:109,10,0,0
BRDA:109,10,1,0
BRDA:114,11,0,0
BRDA:114,11,1,0
BRDA:141,12,0,0
BRDA:141,12,1,0
BRDA:146,13,0,0
BRDA:146,13,1,0
BRDA:148,14,0,0
BRDA:148,14,1,0
BRDA:159,15,0,4
BRDA:159,15,1,13
BRDA:160,16,0,3
BRDA:160,16,1,10
BRDA:161,17,0,3
BRDA:161,17,1,7
BRDA:162,18,0,3
BRDA:162,18,1,4
BRDA:170,19,0,0
BRDA:170,19,1,0
BRDA:183,20,0,0
BRDA:183,20,1,0
BRDA:185,21,0,0
BRDA:185,21,1,0
BRDA:213,22,0,0
BRDA:213,22,1,0
BRDA:244,23,0,0
BRDA:244,23,1,0
BRDA:245,24,0,0
BRDA:245,24,1,0
BRDA:246,25,0,0
BRDA:246,25,1,0
BRDA:247,26,0,0
BRDA:247,26,1,0
BRDA:248,27,0,0
BRDA:248,27,1,0
BRDA:249,28,0,0
BRDA:249,28,1,0
BRDA:268,29,0,10
BRDA:268,29,1,7
BRDA:286,30,0,0
BRDA:286,30,1,0
BRDA:296,31,0,0
BRDA:296,31,1,0
BRDA:301,32,0,0
BRDA:301,32,1,0
BRDA:306,33,0,0
BRDA:306,33,1,0
BRDA:311,34,0,0
BRDA:311,34,1,0
BRDA:316,35,0,0
BRDA:316,35,1,0
BRDA:316,36,0,0
BRDA:316,36,1,0
BRDA:318,37,0,0
BRDA:318,37,1,0
BRDA:320,38,0,0
BRDA:320,38,1,0
BRDA:325,39,0,0
BRDA:325,39,1,0
BRDA:325,40,0,0
BRDA:325,40,1,0
BRDA:330,41,0,0
BRDA:330,41,1,0
BRDA:332,42,0,0
BRDA:332,42,1,0
BRDA:338,43,0,0
BRDA:338,43,1,0
BRDA:343,44,0,0
BRDA:343,44,1,0
BRDA:343,45,0,0
BRDA:343,45,1,0
BRDA:360,46,0,0
BRDA:360,46,1,0
BRDA:362,47,0,0
BRDA:362,47,1,0
BRDA:367,48,0,0
BRDA:367,48,1,0
BRDA:369,49,0,0
BRDA:369,49,1,0
BRDA:374,50,0,0
BRDA:374,50,1,0
BRDA:374,51,0,0
BRDA:374,51,1,0
BRDA:376,52,0,0
BRDA:376,52,1,0
BRDA:378,53,0,0
BRDA:378,53,1,0
BRDA:383,54,0,0
BRDA:383,54,1,0
BRDA:388,55,0,0
BRDA:388,55,1,0
BRDA:393,56,0,0
BRDA:393,56,1,0
BRDA:393,57,0,0
BRDA:393,57,1,0
BRF:116
BRH:18
end_of_record
TN:
SF:src/services/health/MetricsCollector.ts
FN:105,(anonymous_0)
FN:248,(anonymous_1)
FN:260,(anonymous_2)
FN:261,(anonymous_3)
FN:266,(anonymous_4)
FN:318,(anonymous_5)
FN:322,(anonymous_6)
FN:330,(anonymous_7)
FN:332,(anonymous_8)
FN:363,(anonymous_9)
FN:388,(anonymous_10)
FN:415,(anonymous_11)
FN:437,(anonymous_12)
FN:454,(anonymous_13)
FN:476,(anonymous_14)
FNF:15
FNH:0
FNDA:0,(anonymous_0)
FNDA:0,(anonymous_1)
FNDA:0,(anonymous_2)
FNDA:0,(anonymous_3)
FNDA:0,(anonymous_4)
FNDA:0,(anonymous_5)
FNDA:0,(anonymous_6)
FNDA:0,(anonymous_7)
FNDA:0,(anonymous_8)
FNDA:0,(anonymous_9)
FNDA:0,(anonymous_10)
FNDA:0,(anonymous_11)
FNDA:0,(anonymous_12)
FNDA:0,(anonymous_13)
FNDA:0,(anonymous_14)
DA:1,2
DA:100,2
DA:106,0
DA:108,0
DA:110,0
DA:115,0
DA:116,0
DA:119,0
DA:122,0
DA:135,0
DA:138,0
DA:139,0
DA:140,0
DA:142,0
DA:152,0
DA:155,0
DA:167,0
DA:170,0
DA:175,0
DA:185,0
DA:186,0
DA:191,0
DA:192,0
DA:193,0
DA:194,0
DA:197,0
DA:198,0
DA:199,0
DA:200,0
DA:202,0
DA:241,0
DA:249,0
DA:251,0
DA:253,0
DA:258,0
DA:259,0
DA:260,0
DA:261,0
DA:262,0
DA:266,0
DA:268,0
DA:269,0
DA:286,0
DA:297,0
DA:298,0
DA:299,0
DA:300,0
DA:301,0
DA:304,0
DA:316,0
DA:317,0
DA:318,0
DA:322,0
DA:329,0
DA:330,0
DA:332,0
DA:339,0
DA:356,0
DA:368,0
DA:370,0
DA:371,0
DA:372,0
DA:374,0
DA:388,0
DA:401,0
DA:408,0
DA:416,0
DA:418,0
DA:419,0
DA:420,0
DA:422,0
DA:437,0
DA:447,0
DA:455,0
DA:457,0
DA:458,0
DA:459,0
DA:461,0
DA:476,0
DA:477,0
DA:478,0
DA:479,0
DA:481,0
DA:482,0
DA:483,0
DA:485,0
DA:497,0
DA:502,2
LF:88
LH:3
BRDA:115,0,0,0
BRDA:115,0,1,0
BRDA:170,1,0,0
BRDA:170,1,1,0
BRDA:170,2,0,0
BRDA:170,2,1,0
BRDA:170,2,2,0
BRDA:186,3,0,0
BRDA:186,3,1,0
BRDA:191,4,0,0
BRDA:191,4,1,0
BRDA:192,5,0,0
BRDA:192,5,1,0
BRDA:193,6,0,0
BRDA:193,6,1,0
BRDA:194,7,0,0
BRDA:194,7,1,0
BRDA:197,8,0,0
BRDA:197,8,1,0
BRDA:198,9,0,0
BRDA:198,9,1,0
BRDA:199,10,0,0
BRDA:199,10,1,0
BRDA:200,11,0,0
BRDA:200,11,1,0
BRDA:212,12,0,0
BRDA:212,12,1,0
BRDA:213,13,0,0
BRDA:213,13,1,0
BRDA:222,14,0,0
BRDA:222,14,1,0
BRDA:223,15,0,0
BRDA:223,15,1,0
BRDA:224,16,0,0
BRDA:224,16,1,0
BRDA:230,17,0,0
BRDA:230,17,1,0
BRDA:233,18,0,0
BRDA:233,18,1,0
BRDA:234,19,0,0
BRDA:234,19,1,0
BRDA:262,20,0,0
BRDA:262,20,1,0
BRDA:268,21,0,0
BRDA:268,21,1,0
BRDA:298,22,0,0
BRDA:298,22,1,0
BRDA:299,23,0,0
BRDA:299,23,1,0
BRDA:300,24,0,0
BRDA:300,24,1,0
BRDA:301,25,0,0
BRDA:301,25,1,0
BRDA:317,26,0,0
BRDA:317,26,1,0
BRDA:349,27,0,0
BRDA:349,27,1,0
BRDA:365,28,0,0
BRDA:366,29,0,0
BRDA:394,30,0,0
BRDA:394,30,1,0
BRDA:397,31,0,0
BRDA:397,31,1,0
BRDA:415,32,0,0
BRDA:442,33,0,0
BRDA:442,33,1,0
BRDA:454,34,0,0
BRDA:483,35,0,0
BRDA:483,35,1,0
BRDA:490,36,0,0
BRDA:490,36,1,0
BRDA:491,37,0,0
BRDA:491,37,1,0
BRF:73
BRH:0
end_of_record
TN:
SF:src/services/instagram/AuthService.ts
FN:45,(anonymous_0)
FN:84,(anonymous_1)
FN:191,(anonymous_2)
FN:266,(anonymous_3)
FN:295,(anonymous_4)
FN:335,(anonymous_5)
FN:367,(anonymous_6)
FN:402,(anonymous_7)
FNF:8
FNH:0
FNDA:0,(anonymous_0)
FNDA:0,(anonymous_1)
FNDA:0,(anonymous_2)
FNDA:0,(anonymous_3)
FNDA:0,(anonymous_4)
FNDA:0,(anonymous_5)
FNDA:0,(anonymous_6)
FNDA:0,(anonymous_7)
DA:1,1
DA:2,1
DA:3,1
DA:4,1
DA:40,1
DA:46,0
DA:47,0
DA:49,0
DA:50,0
DA:56,0
DA:59,0
DA:60,0
DA:64,0
DA:65,0
DA:68,0
DA:73,0
DA:74,0
DA:85,0
DA:87,0
DA:88,0
DA:89,0
DA:90,0
DA:91,0
DA:100,0
DA:101,0
DA:102,0
DA:108,0
DA:109,0
DA:111,0
DA:113,0
DA:114,0
DA:115,0
DA:124,0
DA:125,0
DA:126,0
DA:135,0
DA:143,0
DA:146,0
DA:156,0
DA:158,0
DA:171,0
DA:174,0
DA:180,0
DA:192,0
DA:193,0
DA:194,0
DA:200,0
DA:203,0
DA:205,0
DA:206,0
DA:209,0
DA:215,0
DA:223,0
DA:226,0
DA:234,0
DA:236,0
DA:246,0
DA:249,0
DA:255,0
DA:267,0
DA:268,0
DA:269,0
DA:272,0
DA:273,0
DA:275,0
DA:276,0
DA:279,0
DA:281,0
DA:282,0
DA:285,0
DA:287,0
DA:288,0
DA:296,0
DA:297,0
DA:299,0
DA:301,0
DA:302,0
DA:309,0
DA:310,0
DA:315,0
DA:316,0
DA:319,0
DA:324,0
DA:325,0
DA:336,0
DA:337,0
DA:339,0
DA:340,0
DA:349,0
DA:351,0
DA:356,0
DA:357,0
DA:368,0
DA:369,0
DA:371,0
DA:372,0
DA:381,0
DA:383,0
DA:390,0
DA:391,0
DA:407,0
DA:408,0
DA:410,0
DA:411,0
DA:412,0
DA:414,0
DA:415,0
DA:417,0
DA:419,0
DA:423,0
DA:426,0
DA:427,0
DA:429,0
DA:431,0
DA:432,0
DA:434,0
DA:435,0
DA:439,0
DA:440,0
DA:444,0
DA:446,0
DA:448,0
DA:449,0
DA:454,1
LF:124
LH:6
BRDA:49,0,0,0
BRDA:49,0,1,0
BRDA:59,1,0,0
BRDA:59,1,1,0
BRDA:59,2,0,0
BRDA:59,2,1,0
BRDA:64,3,0,0
BRDA:64,3,1,0
BRDA:76,4,0,0
BRDA:76,4,1,0
BRDA:87,5,0,0
BRDA:87,5,1,0
BRDA:89,6,0,0
BRDA:89,6,1,0
BRDA:101,7,0,0
BRDA:101,7,1,0
BRDA:111,8,0,0
BRDA:111,8,1,0
BRDA:113,9,0,0
BRDA:113,9,1,0
BRDA:124,10,0,0
BRDA:124,10,1,0
BRDA:183,11,0,0
BRDA:183,11,1,0
BRDA:193,12,0,0
BRDA:193,12,1,0
BRDA:193,13,0,0
BRDA:193,13,1,0
BRDA:205,14,0,0
BRDA:205,14,1,0
BRDA:258,15,0,0
BRDA:258,15,1,0
BRDA:268,16,0,0
BRDA:268,16,1,0
BRDA:275,17,0,0
BRDA:275,17,1,0
BRDA:281,18,0,0
BRDA:281,18,1,0
BRDA:301,19,0,0
BRDA:301,19,1,0
BRDA:309,20,0,0
BRDA:309,20,1,0
BRDA:315,21,0,0
BRDA:315,21,1,0
BRDA:327,22,0,0
BRDA:327,22,1,0
BRDA:339,23,0,0
BRDA:339,23,1,0
BRDA:359,24,0,0
BRDA:359,24,1,0
BRDA:371,25,0,0
BRDA:371,25,1,0
BRDA:393,26,0,0
BRDA:393,26,1,0
BRDA:419,27,0,0
BRDA:419,27,1,0
BRDA:426,28,0,0
BRDA:426,28,1,0
BRDA:431,29,0,0
BRDA:431,29,1,0
BRF:60
BRH:0
end_of_record
TN:
SF:src/services/instagram/ErrorHandler.ts
FN:26,(anonymous_0)
FN:132,(anonymous_1)
FN:141,(anonymous_2)
FN:152,(anonymous_3)
FN:166,(anonymous_4)
FNF:5
FNH:0
FNDA:0,(anonymous_0)
FNDA:0,(anonymous_1)
FNDA:0,(anonymous_2)
FNDA:0,(anonymous_3)
FNDA:0,(anonymous_4)
DA:1,0
DA:13,0
DA:14,0
DA:22,0
DA:27,0
DA:28,0
DA:29,0
DA:30,0
DA:33,0
DA:41,0
DA:42,0
DA:46,0
DA:55,0
DA:59,0
DA:67,0
DA:71,0
DA:77,0
DA:81,0
DA:90,0
DA:94,0
DA:104,0
DA:108,0
DA:118,0
DA:122,0
DA:133,0
DA:142,0
DA:143,0
DA:146,0
DA:153,0
DA:154,0
DA:167,0
DA:173,0
DA:174,0
DA:176,0
DA:177,0
DA:179,0
DA:189,0
DA:195,0
LF:38
LH:0
BRDA:27,0,0,0
BRDA:27,0,1,0
BRDA:28,1,0,0
BRDA:28,1,1,0
BRDA:29,2,0,0
BRDA:29,2,1,0
BRDA:33,3,0,0
BRDA:33,3,1,0
BRDA:34,4,0,0
BRDA:34,4,1,0
BRDA:34,4,2,0
BRDA:34,4,3,0
BRDA:34,4,4,0
BRDA:34,4,5,0
BRDA:41,5,0,0
BRDA:41,5,1,0
BRDA:46,6,0,0
BRDA:46,6,1,0
BRDA:47,7,0,0
BRDA:47,7,1,0
BRDA:47,7,2,0
BRDA:47,7,3,0
BRDA:47,7,4,0
BRDA:47,7,5,0
BRDA:47,7,6,0
BRDA:59,8,0,0
BRDA:59,8,1,0
BRDA:60,9,0,0
BRDA:60,9,1,0
BRDA:60,9,2,0
BRDA:60,9,3,0
BRDA:60,9,4,0
BRDA:60,9,5,0
BRDA:67,10,0,0
BRDA:67,10,1,0
BRDA:71,11,0,0
BRDA:71,11,1,0
BRDA:72,12,0,0
BRDA:72,12,1,0
BRDA:72,12,2,0
BRDA:72,12,3,0
BRDA:81,13,0,0
BRDA:81,13,1,0
BRDA:82,14,0,0
BRDA:82,14,1,0
BRDA:82,14,2,0
BRDA:82,14,3,0
BRDA:82,14,4,0
BRDA:82,14,5,0
BRDA:82,14,6,0
BRDA:90,15,0,0
BRDA:90,15,1,0
BRDA:94,16,0,0
BRDA:94,16,1,0
BRDA:95,17,0,0
BRDA:95,17,1,0
BRDA:95,17,2,0
BRDA:95,17,3,0
BRDA:95,17,4,0
BRDA:95,17,5,0
BRDA:95,17,6,0
BRDA:95,17,7,0
BRDA:104,18,0,0
BRDA:104,18,1,0
BRDA:108,19,0,0
BRDA:108,19,1,0
BRDA:109,20,0,0
BRDA:109,20,1,0
BRDA:109,20,2,0
BRDA:109,20,3,0
BRDA:109,20,4,0
BRDA:109,20,5,0
BRDA:109,20,6,0
BRDA:109,20,7,0
BRDA:118,21,0,0
BRDA:118,21,1,0
BRDA:123,22,0,0
BRDA:123,22,1,0
BRDA:142,23,0,0
BRDA:142,23,1,0
BRDA:153,24,0,0
BRDA:153,24,1,0
BRDA:174,25,0,0
BRDA:174,25,1,0
BRF:84
BRH:0
end_of_record
TN:
SF:src/services/instagram/GraphApiClient.ts
FN:23,(anonymous_1)
FN:31,(anonymous_2)
FN:80,(anonymous_3)
FN:168,(anonymous_4)
FN:196,(anonymous_5)
FN:215,(anonymous_6)
FN:235,(anonymous_7)
FN:250,(anonymous_8)
FN:251,(anonymous_9)
FN:258,(anonymous_10)
FNF:10
FNH:0
FNDA:0,(anonymous_1)
FNDA:0,(anonymous_2)
FNDA:0,(anonymous_3)
FNDA:0,(anonymous_4)
FNDA:0,(anonymous_5)
FNDA:0,(anonymous_6)
FNDA:0,(anonymous_7)
FNDA:0,(anonymous_8)
FNDA:0,(anonymous_9)
FNDA:0,(anonymous_10)
DA:1,1
DA:4,1
DA:18,1
DA:21,0
DA:24,0
DA:25,0
DA:35,0
DA:36,0
DA:39,0
DA:48,0
DA:51,0
DA:59,0
DA:61,0
DA:63,0
DA:68,0
[...]
DA:200,0
DA:201,0
DA:204,0
DA:205,0
DA:206,0
DA:209,0
DA:212,0
DA:217,0
DA:220,0
DA:222,0
DA:223,0
DA:224,0
DA:227,0
DA:228,0
DA:229,0
DA:232,0
DA:234,0
DA:235,0
DA:240,0
DA:257,0
DA:259,0
DA:260,0
DA:261,0
DA:262,0
DA:264,0
DA:265,0
DA:266,0
DA:269,0
DA:270,0
DA:271,0
DA:274,0
DA:275,0
DA:276,0
DA:279,0
DA:280,0
DA:281,0
DA:284,0
DA:285,0
DA:286,0
DA:289,0
DA:290,0
DA:293,0
DA:294,0
DA:296,0
DA:298,0
DA:299,0
DA:302,0
DA:305,0
DA:313,0
DA:315,0
DA:316,0
DA:322,0
DA:330,0
DA:332,0
DA:333,0
DA:342,0
DA:345,0
DA:353,0
DA:355,0
DA:356,0
DA:371,0
DA:373,0
DA:385,0
DA:393,0
DA:395,0
DA:396,0
DA:398,0
DA:399,0
DA:402,0
DA:404,0
DA:406,0
DA:407,0
DA:410,0
DA:411,0
DA:416,0
DA:417,0
DA:420,0
DA:421,0
DA:428,0
DA:436,0
DA:437,0
DA:439,0
DA:440,0
DA:443,0
DA:444,0
DA:446,0
DA:447,0
DA:450,0
DA:451,0
DA:454,0
DA:455,0
DA:458,0
DA:459,0
DA:464,0
DA:465,0
DA:466,0
DA:469,0
DA:470,0
DA:471,0
DA:472,0
DA:473,0
DA:477,0
DA:479,0
DA:482,0
DA:485,0
DA:492,0
DA:519,0
LF:134
LH:0
BRDA:126,0,0,0
BRDA:126,0,1,0
BRDA:127,1,0,0
BRDA:127,1,1,0
BRDA:128,2,0,0
BRDA:128,2,1,0
BRDA:130,3,0,0
BRDA:130,3,1,0
BRDA:131,4,0,0
BRDA:131,4,1,0
BRDA:157,5,0,0
BRDA:157,5,1,0
BRDA:189,6,0,0
BRDA:189,6,1,0
BRDA:194,7,0,0
BRDA:194,7,1,0
BRDA:199,8,0,0
BRDA:199,8,1,0
BRDA:204,9,0,0
BRDA:204,9,1,0
BRDA:222,10,0,0
BRDA:222,10,1,0
BRDA:227,11,0,0
BRDA:227,11,1,0
BRDA:264,12,0,0
BRDA:264,12,1,0
BRDA:269,13,0,0
BRDA:269,13,1,0
BRDA:274,14,0,0
BRDA:274,14,1,0
BRDA:279,15,0,0
BRDA:279,15,1,0
BRDA:284,16,0,0
BRDA:284,16,1,0
BRDA:289,17,0,0
BRDA:289,17,1,0
BRDA:298,18,0,0
BRDA:298,18,1,0
BRDA:398,19,0,0
BRDA:398,19,1,0
BRDA:404,20,0,0
BRDA:404,20,1,0
BRDA:404,20,2,0
BRDA:404,20,3,0
BRDA:406,21,0,0
BRDA:406,21,1,0
BRDA:416,22,0,0
BRDA:416,22,1,0
BRDA:420,23,0,0
BRDA:420,23,1,0
BRDA:443,24,0,0
BRDA:443,24,1,0
BRDA:444,25,0,0
BRDA:444,25,1,0
BRDA:444,25,2,0
BRDA:444,25,3,0
BRDA:464,26,0,0
BRDA:464,26,1,0
BRDA:464,27,0,0
BRDA:464,27,1,0
BRDA:464,27,2,0
BRDA:471,28,0,0
BRDA:471,28,1,0
BRDA:477,29,0,0
BRDA:477,29,1,0
BRDA:498,30,0,0
BRDA:498,30,1,0
BRDA:500,31,0,0
BRDA:500,31,1,0
BRDA:501,32,0,0
BRDA:501,32,1,0
BRDA:502,33,0,0
BRDA:502,33,1,0
BRDA:503,34,0,0
BRDA:503,34,1,0
BRDA:505,35,0,0
BRDA:505,35,1,0
BRDA:506,36,0,0
BRDA:506,36,1,0
BRDA:508,37,0,0
BRDA:508,37,1,0
BRDA:509,38,0,0
BRDA:509,38,1,0
BRDA:510,39,0,0
BRDA:510,39,1,0
BRDA:512,40,0,0
BRDA:512,40,1,0
BRF:87
BRH:0
end_of_record
TN:
SF:src/services/swarm/AccountService.ts
FN:72,(anonymous_0)
FN:115,(anonymous_1)
FN:133,(anonymous_2)
FN:147,(anonymous_3)
FN:163,(anonymous_4)
FN:244,(anonymous_5)
FN:261,(anonymous_6)
FN:292,(anonymous_7)
FN:325,(anonymous_8)
FN:343,(anonymous_9)
FNF:10
FNH:0
FNDA:0,(anonymous_0)
FNDA:0,(anonymous_1)
FNDA:0,(anonymous_2)
FNDA:0,(anonymous_3)
FNDA:0,(anonymous_4)
FNDA:0,(anonymous_5)
FNDA:0,(anonymous_6)
FNDA:0,(anonymous_7)
FNDA:0,(anonymous_8)
FNDA:0,(anonymous_9)
DA:1,1
DA:2,1
DA:3,1
DA:73,0
DA:75,0
DA:77,0
DA:87,0
DA:100,0
DA:101,0
DA:103,0
DA:105,0
DA:107,0
DA:108,0
DA:116,0
DA:117,0
DA:122,0
DA:123,0
DA:125,0
DA:126,0
DA:134,0
DA:135,0
DA:136,0
DA:137,0
DA:139,0
DA:140,0
DA:148,0
DA:149,0
DA:150,0
DA:151,0
DA:153,0
DA:155,0
DA:156,0
DA:164,0
DA:165,0
DA:166,0
DA:167,0
DA:170,0
DA:171,0
DA:172,0
DA:175,0
DA:176,0
DA:177,0
DA:178,0
DA:181,0
DA:182,0
DA:183,0
DA:186,0
DA:187,0
DA:188,0
DA:191,0
DA:192,0
DA:193,0
DA:196,0
DA:197,0
DA:198,0
DA:201,0
DA:202,0
DA:203,0
DA:206,0
DA:207,0
DA:208,0
DA:211,0
DA:212,0
DA:216,0
DA:219,0
DA:221,0
DA:228,0
DA:230,0
DA:231,0
DA:234,0
DA:236,0
DA:237,0
DA:245,0
DA:246,0
DA:247,0
DA:249,0
DA:250,0
DA:253,0
DA:254,0
DA:265,0
DA:266,0
DA:268,0
DA:269,0
DA:270,0
DA:277,0
DA:279,0
DA:286,0
DA:298,0
DA:299,0
DA:310,0
DA:317,0
DA:318,0
DA:326,0
DA:327,0
DA:332,0
DA:333,0
DA:335,0
DA:336,0
DA:350,0
DA:351,0
DA:369,0
DA:370,0
DA:372,0
DA:391,0
DA:392,0
DA:397,1
LF:106
LH:4
BRDA:75,0,0,0
BRDA:75,0,1,0
BRDA:92,1,0,0
BRDA:92,1,1,0
BRDA:94,2,0,0
BRDA:94,2,1,0
BRDA:96,3,0,0
BRDA:96,3,1,0
BRDA:97,4,0,0
BRDA:97,4,1,0
BRDA:103,5,0,0
BRDA:103,5,1,0
BRDA:137,6,0,0
BRDA:137,6,1,0
BRDA:150,7,0,0
BRDA:150,7,1,0
BRDA:150,8,0,0
BRDA:150,8,1,0
BRDA:170,9,0,0
BRDA:170,9,1,0
BRDA:175,10,0,0
BRDA:175,10,1,0
BRDA:181,11,0,0
BRDA:181,11,1,0
BRDA:186,12,0,0
BRDA:186,12,1,0
BRDA:191,13,0,0
BRDA:191,13,1,0
BRDA:196,14,0,0
BRDA:196,14,1,0
BRDA:201,15,0,0
BRDA:201,15,1,0
BRDA:206,16,0,0
BRDA:206,16,1,0
BRDA:211,17,0,0
BRDA:211,17,1,0
BRDA:230,18,0,0
BRDA:230,18,1,0
BRDA:237,19,0,0
BRDA:237,19,1,0
BRDA:249,20,0,0
BRDA:249,20,1,0
BRDA:254,21,0,0
BRDA:254,21,1,0
BRDA:281,22,0,0
BRDA:281,22,1,0
BRDA:312,23,0,0
BRDA:312,23,1,0
BRDA:313,24,0,0
BRDA:313,24,1,0
BRDA:373,25,0,0
BRDA:373,25,1,0
BRDA:375,26,0,0
BRDA:375,26,1,0
BRDA:376,27,0,0
BRDA:376,27,1,0
BRDA:377,28,0,0
BRDA:377,28,1,0
BRDA:378,29,0,0
BRDA:378,29,1,0
BRDA:379,30,0,0
BRDA:379,30,1,0
BRDA:380,31,0,0
BRDA:380,31,1,0
BRDA:383,32,0,0
BRDA:383,32,1,0
BRDA:384,33,0,0
BRDA:384,33,1,0
BRDA:385,34,0,0
BRDA:385,34,1,0
BRDA:387,35,0,0
BRDA:387,35,1,0
BRDA:388,36,0,0
BRDA:388,36,1,0
BRF:74
BRH:0
end_of_record
TN:
SF:src/services/swarm/WarmupAutomation.ts
FN:46,(anonymous_0)
FN:108,(anonymous_1)
FN:143,(anonymous_2)
FN:157,(anonymous_3)
FN:175,(anonymous_4)
FN:175,(anonymous_5)
FN:180,(anonymous_6)
FN:183,(anonymous_7)
FN:188,(anonymous_8)
FN:191,(anonymous_9)
FN:214,(anonymous_10)
FN:235,(anonymous_11)
FN:254,(anonymous_12)
FN:312,(anonymous_13)
FN:332,(anonymous_14)
FN:351,(anonymous_15)
FN:369,(anonymous_16)
FN:395,(anonymous_17)
FN:414,(anonymous_18)
FN:433,(anonymous_19)
FN:468,(anonymous_20)
FN:500,(anonymous_21)
FN:533,(anonymous_22)
FN:552,(anonymous_23)
FNF:24
FNH:0
FNDA:0,(anonymous_0)
FNDA:0,(anonymous_1)
FNDA:0,(anonymous_2)
FNDA:0,(anonymous_3)
FNDA:0,(anonymous_4)
FNDA:0,(anonymous_5)
FNDA:0,(anonymous_6)
FNDA:0,(anonymous_7)
FNDA:0,(anonymous_8)
FNDA:0,(anonymous_9)
FNDA:0,(anonymous_10)
FNDA:0,(anonymous_11)
FNDA:0,(anonymous_12)
FNDA:0,(anonymous_13)
FNDA:0,(anonymous_14)
FNDA:0,(anonymous_15)
FNDA:0,(anonymous_16)
FNDA:0,(anonymous_17)
FNDA:0,(anonymous_18)
FNDA:0,(anonymous_19)
FNDA:0,(anonymous_20)
FNDA:0,(anonymous_21)
FNDA:0,(anonymous_22)
FNDA:0,(anonymous_23)
DA:1,0
DA:2,0
DA:3,0
DA:41,0
DA:47,0
DA:48,0
DA:51,0
DA:56,0
DA:57,0
DA:63,0
DA:66,0
DA:71,0
DA:72,0
DA:79,0
DA:85,0
DA:87,0
DA:89,0
DA:95,0
DA:96,0
DA:109,0
DA:110,0
DA:112,0
DA:113,0
DA:116,0
DA:118,0
DA:119,0
DA:122,0
DA:124,0
DA:132,0
DA:133,0
DA:137,0
DA:144,0
DA:151,0
DA:158,0
DA:160,0
DA:167,0
DA:168,0
DA:171,0
DA:174,0
DA:175,0
DA:177,0
DA:180,0
DA:183,0
DA:184,0
DA:187,0
DA:188,0
DA:190,0
DA:191,0
DA:194,0
DA:206,0
DA:207,0
DA:215,0
DA:216,0
DA:225,0
DA:227,0
DA:228,0
DA:236,0
DA:237,0
DA:244,0
DA:246,0
DA:247,0
DA:255,0
DA:256,0
DA:257,0
DA:258,0
DA:260,0
DA:261,0
DA:262,0
DA:265,0
DA:266,0
DA:267,0
DA:270,0
DA:271,0
DA:272,0
DA:275,0
DA:276,0
DA:277,0
DA:280,0
DA:281,0
DA:284,0
DA:286,0
DA:294,0
DA:295,0
DA:299,0
DA:300,0
DA:302,0
DA:304,0
DA:305,0
DA:313,0
DA:314,0
DA:322,0
DA:324,0
DA:325,0
DA:333,0
DA:334,0
DA:340,0
DA:341,0
DA:343,0
DA:344,0
DA:352,0
DA:353,0
DA:358,0
DA:359,0
DA:361,0
DA:362,0
DA:370,0
DA:371,0
DA:373,0
DA:374,0
DA:378,0
DA:380,0
DA:385,0
DA:388,0
DA:396,0
DA:398,0
DA:403,0
DA:404,0
DA:406,0
DA:407,0
DA:415,0
DA:417,0
DA:422,0
DA:423,0
DA:425,0
DA:426,0
DA:434,0
DA:435,0
DA:438,0
DA:444,0
DA:451,0
DA:456,0
DA:457,0
DA:469,0
DA:470,0
DA:479,0
DA:481,0
DA:482,0
DA:483,0
DA:486,0
DA:488,0
DA:490,0
DA:492,0
DA:493,0
DA:501,0
DA:502,0
DA:514,0
DA:516,0
DA:517,0
DA:518,0
DA:521,0
DA:523,0
DA:525,0
DA:526,0
DA:534,0
DA:553,0
DA:557,0
LF:156
LH:0
BRDA:56,0,0,0
BRDA:56,0,1,0
BRDA:71,1,0,0
BRDA:71,1,1,0
BRDA:167,2,0,0
BRDA:167,2,1,0
BRDA:177,3,0,0
BRDA:177,3,1,0
BRDA:188,4,0,0
BRDA:188,4,1,0
BRDA:203,5,0,0
BRDA:203,5,1,0
BRDA:214,6,0,0
BRDA:260,7,0,0
BRDA:260,7,1,0
BRDA:265,8,0,0
BRDA:265,8,1,0
BRDA:270,9,0,0
BRDA:270,9,1,0
BRDA:275,10,0,0
BRDA:275,10,1,0
BRDA:280,11,0,0
BRDA:280,11,1,0
BRDA:294,12,0,0
BRDA:294,12,1,0
BRDA:373,13,0,0
BRDA:373,13,1,0
BRDA:378,14,0,0
BRDA:378,14,1,0
BRDA:378,15,0,0
BRDA:378,15,1,0
BRDA:481,16,0,0
BRDA:481,16,1,0
BRDA:516,17,0,0
BRDA:516,17,1,0
BRF:35
BRH:0
end_of_record
TN:
SF:src/services/variation/CaptionVariator.ts
FN:33,(anonymous_0)
FN:36,(anonymous_1)
FN:44,(anonymous_2)
FN:46,(anonymous_3)
FN:58,(anonymous_4)
FN:68,(anonymous_5)
FNF:6
FNH:0
FNDA:0,(anonymous_0)
FNDA:0,(anonymous_1)
FNDA:0,(anonymous_2)
FNDA:0,(anonymous_3)
FNDA:0,(anonymous_4)
FNDA:0,(anonymous_5)
DA:1,0
DA:4,0
DA:31,0
DA:34,0
DA:37,0
DA:38,0
DA:39,0
DA:40,0
DA:41,0
DA:42,0
DA:45,0
DA:46,0
DA:47,0
DA:48,0
DA:49,0
DA:50,0
DA:51,0
DA:52,0
DA:53,0
DA:55,0
DA:59,0
DA:60,0
DA:61,0
DA:62,0
DA:63,0
DA:64,0
DA:66,0
DA:69,0
DA:70,0
DA:71,0
DA:74,0
LF:31
LH:0
BRDA:37,0,0,0
BRDA:37,0,1,0
BRDA:41,1,0,0
BRDA:41,1,1,0
BRDA:47,2,0,0
BRDA:47,2,1,0
BRDA:50,3,0,0
BRDA:50,3,1,0
BRDA:52,4,0,0
BRDA:52,4,1,0
BRDA:52,5,0,0
BRDA:52,5,1,0
BRDA:59,6,0,0
BRDA:59,6,1,0
BRDA:61,7,0,0
BRDA:61,7,1,0
BRDA:70,8,0,0
BRDA:70,8,1,0
BRDA:71,9,0,0
BRDA:71,9,1,0
BRF:20
BRH:0
end_of_record
TN:
SF:src/services/variation/HashtagGenerator.ts
FN:34,(anonymous_0)
FN:37,(anonymous_1)
FN:54,(anonymous_2)
FN:56,(anonymous_3)
FN:58,(anonymous_4)
FN:61,(anonymous_5)
FN:68,(anonymous_6)
FN:72,(anonymous_7)
FN:80,(anonymous_8)
FNF:9
FNH:0
FNDA:0,(anonymous_0)
FNDA:0,(anonymous_1)
FNDA:0,(anonymous_2)
FNDA:0,(anonymous_3)
FNDA:0,(anonymous_4)
FNDA:0,(anonymous_5)
FNDA:0,(anonymous_6)
FNDA:0,(anonymous_7)
FNDA:0,(anonymous_8)
DA:2,0
DA:4,0
DA:9,0
DA:14,0
DA:25,0
DA:32,0
DA:35,0
DA:38,0
DA:39,0
DA:40,0
DA:41,0
DA:42,0
DA:43,0
DA:44,0
DA:45,0
DA:46,0
DA:47,0
DA:48,0
DA:49,0
DA:50,0
DA:51,0
DA:54,0
DA:55,0
DA:56,0
DA:59,0
DA:62,0
DA:63,0
DA:64,0
DA:65,0
DA:66,0
DA:69,0
DA:70,0
DA:73,0
DA:74,0
DA:75,0
DA:76,0
DA:78,0
DA:81,0
DA:82,0
DA:83,0
DA:86,0
LF:41
LH:0
BRDA:37,0,0,0
BRDA:43,1,0,0
BRDA:43,1,1,0
BRDA:48,2,0,0
BRDA:48,2,1,0
BRDA:51,3,0,0
BRDA:51,3,1,0
BRDA:55,4,0,0
BRDA:55,4,1,0
BRDA:59,5,0,0
BRDA:59,5,1,0
BRDA:63,6,0,0
BRDA:63,6,1,0
BRDA:64,7,0,0
BRDA:64,7,1,0
BRDA:65,8,0,0
BRDA:65,8,1,0
BRF:17
BRH:0
end_of_record
TN:
SF:src/services/variation/VariationEngine.ts
FN:23,(anonymous_0)
FN:26,(anonymous_1)
FN:39,(anonymous_2)
FN:48,(anonymous_3)
FN:54,(anonymous_4)
FNF:5
FNH:0
FNDA:0,(anonymous_0)
FNDA:0,(anonymous_1)
FNDA:0,(anonymous_2)
FNDA:0,(anonymous_3)
FNDA:0,(anonymous_4)
DA:1,0
DA:2,0
DA:3,0
DA:4,0
DA:5,0
DA:6,0
DA:21,0
DA:24,0
DA:27,0
DA:28,0
DA:29,0
DA:30,0
DA:31,0
DA:33,0
DA:34,0
DA:35,0
DA:36,0
DA:37,0
DA:40,0
DA:41,0
DA:42,0
DA:43,0
DA:44,0
DA:46,0
DA:49,0
DA:50,0
DA:51,0
DA:52,0
DA:55,0
DA:56,0
DA:60,0
DA:63,0
LF:32
LH:0
BRDA:29,0,0,0
BRDA:29,0,1,0
BRDA:33,1,0,0
BRDA:33,1,1,0
BRDA:48,2,0,0
BRDA:58,3,0,0
BRDA:58,3,1,0
BRF:7
BRH:0
end_of_record
TN:
SF:src/services/variation/VideoVariator.ts
FN:16,(anonymous_10)
FN:34,(anonymous_11)
FN:65,(anonymous_12)
FN:76,(anonymous_13)
FN:80,(anonymous_14)
FN:91,(anonymous_15)
FN:97,(anonymous_16)
FN:101,(anonymous_17)
FN:102,(anonymous_18)
FN:110,(anonymous_19)
FN:111,(anonymous_20)
FN:112,(anonymous_21)
FN:119,(anonymous_22)
FN:120,(anonymous_23)
FNF:14
FNH:0
FNDA:0,(anonymous_10)
FNDA:0,(anonymous_11)
FNDA:0,(anonymous_12)
FNDA:0,(anonymous_13)
FNDA:0,(anonymous_14)
FNDA:0,(anonymous_15)
FNDA:0,(anonymous_16)
FNDA:0,(anonymous_17)
FNDA:0,(anonymous_18)
FNDA:0,(anonymous_19)
FNDA:0,(anonymous_20)
FNDA:0,(anonymous_21)
FNDA:0,(anonymous_22)
FNDA:0,(anonymous_23)
DA:1,0
DA:2,0
DA:3,0
DA:4,0
DA:12,0
DA:17,0
DA:27,0
DA:28,0
DA:35,0
DA:40,0
DA:42,0
DA:43,0
DA:44,0
DA:45,0
DA:46,0
DA:47,0
DA:49,0
DA:56,0
DA:61,0
DA:65,0
DA:66,0
DA:77,0
DA:78,0
DA:81,0
DA:82,0
DA:92,0
DA:93,0
DA:95,0
DA:97,0
DA:98,0
DA:101,0
DA:102,0
DA:111,0
DA:112,0
DA:113,0
DA:114,0
DA:120,0
DA:121,0
DA:125,0
LF:39
LH:0
BRDA:113,0,0,0
BRDA:113,0,1,0
BRDA:114,1,0,0
BRDA:114,1,1,0
BRF:4
BRH:0
end_of_record
TN:
SF:src/types/errors.ts
FN:8,(anonymous_0)
FN:19,(anonymous_1)
FN:45,(anonymous_2)
FN:61,(anonymous_3)
FN:75,(anonymous_4)
FN:83,(anonymous_5)
FN:90,(anonymous_6)
FN:97,(anonymous_7)
FN:104,(anonymous_8)
FN:111,(anonymous_9)
FN:118,(anonymous_10)
FNF:11
FNH:2
FNDA:1,(anonymous_0)
FNDA:1,(anonymous_1)
FNDA:0,(anonymous_2)
FNDA:0,(anonymous_3)
FNDA:0,(anonymous_4)
FNDA:0,(anonymous_5)
FNDA:0,(anonymous_6)
FNDA:0,(anonymous_7)
FNDA:0,(anonymous_8)
FNDA:0,(anonymous_9)
FNDA:0,(anonymous_10)
DA:8,1
DA:9,1
DA:10,1
DA:11,1
DA:12,1
DA:13,1
DA:14,1
DA:15,1
DA:16,1
DA:19,1
DA:20,1
DA:21,1
DA:22,1
DA:23,1
DA:24,1
DA:39,1
DA:52,0
DA:53,0
DA:54,0
DA:55,0
DA:56,0
DA:57,0
DA:58,0
DA:62,0
DA:72,1
DA:76,0
DA:77,0
DA:78,0
DA:82,1
DA:84,0
DA:85,0
DA:89,1
DA:91,0
DA:92,0
DA:96,1
DA:98,0
DA:99,0
DA:103,1
DA:105,0
DA:106,0
DA:110,1
DA:112,0
DA:113,0
DA:117,1
DA:119,0
DA:120,0
LF:46
LH:23
BRDA:8,0,0,1
BRDA:8,0,1,1
BRDA:19,1,0,1
BRDA:19,1,1,1
BRDA:49,2,0,0
BRDA:75,3,0,0
BRDA:75,4,0,0
BRDA:83,5,0,0
BRDA:90,6,0,0
BRDA:97,7,0,0
BRDA:104,8,0,0
BRDA:111,9,0,0
BRDA:118,10,0,0
BRF:13
BRH:4
end_of_record
TN:
SF:src/types/responses.ts
FN:39,(anonymous_0)
FN:201,createSuccessResponse
FN:218,createErrorResponse
FN:244,(anonymous_3)
FNF:4
FNH:0
FNDA:0,(anonymous_0)
FNDA:0,createSuccessResponse
FNDA:0,createErrorResponse
FNDA:0,(anonymous_3)
DA:39,0
DA:41,0
DA:42,0
DA:43,0
DA:44,0
DA:45,0
DA:48,0
DA:49,0
DA:50,0
DA:51,0
DA:52,0
DA:53,0
DA:56,0
DA:57,0
DA:60,0
DA:61,0
DA:62,0
DA:63,0
DA:64,0
DA:65,0
DA:68,0
DA:69,0
DA:70,0
DA:73,0
DA:74,0
DA:75,0
DA:78,0
DA:79,0
DA:80,0
DA:83,0
DA:84,0
DA:87,0
DA:88,0
DA:89,0
DA:90,0
DA:93,0
DA:94,0
DA:97,0
DA:98,0
DA:99,0
DA:100,0
DA:101,0
DA:104,0
DA:105,0
DA:106,0
DA:109,0
DA:110,0
DA:111,0
DA:114,0
DA:120,0
DA:201,0
DA:206,0
DA:218,0
DA:224,0
DA:239,0
DA:245,0
DA:246,0
DA:247,0
DA:248,0
DA:249,0
DA:252,0
LF:61
LH:0
BRDA:39,0,0,0
BRDA:39,0,1,0
BRDA:209,1,0,0
BRDA:209,1,1,0
BRDA:210,2,0,0
BRDA:210,2,1,0
BRDA:231,3,0,0
BRDA:231,3,1,0
BRDA:248,4,0,0
BRDA:248,4,1,0
BRF:10
BRH:0
end_of_record
TN:
SF:src/utils/jobQueue.ts
FN:13,(anonymous_0)
FN:24,exponentialBackoff
FN:44,linearBackoff
FN:59,createCriticalJobOptions
FN:80,createHighPriorityJobOptions
FN:101,createNormalJobOptions
FN:122,createLowPriorityJobOptions
FN:143,createVeryLowPriorityJobOptions
FN:161,createScheduledJobOptions
FN:175,createRepeatingJobOptions
FN:189,(anonymous_10)
FN:218,getJobOptionsByType
FN:260,(anonymous_12)
FN:267,(anonymous_13)
FN:274,(anonymous_14)
FN:280,(anonymous_15)
FN:287,(anonymous_16)
FN:298,createRateLimitedJobOptions
FNF:18
FNH:0
FNDA:0,(anonymous_0)
FNDA:0,exponentialBackoff
FNDA:0,linearBackoff
FNDA:0,createCriticalJobOptions
FNDA:0,createHighPriorityJobOptions
FNDA:0,createNormalJobOptions
FNDA:0,createLowPriorityJobOptions
FNDA:0,createVeryLowPriorityJobOptions
FNDA:0,createScheduledJobOptions
FNDA:0,createRepeatingJobOptions
FNDA:0,(anonymous_10)
FNDA:0,getJobOptionsByType
FNDA:0,(anonymous_12)
FNDA:0,(anonymous_13)
FNDA:0,(anonymous_14)
FNDA:0,(anonymous_15)
FNDA:0,(anonymous_16)
FNDA:0,createRateLimitedJobOptions
DA:2,0
DA:13,0
DA:14,0
DA:15,0
DA:16,0
DA:17,0
DA:18,0
DA:24,0
DA:25,0
DA:26,0
DA:35,0
DA:38,0
DA:44,0
DA:45,0
DA:46,0
DA:50,0
DA:59,0
DA:60,0
DA:80,0
DA:81,0
DA:101,0
DA:102,0
DA:122,0
DA:123,0
DA:143,0
DA:144,0
DA:161,0
DA:165,0
DA:175,0
DA:179,0
DA:189,0
DA:191,0
DA:192,0
DA:193,0
DA:196,0
DA:197,0
DA:198,0
DA:201,0
DA:202,0
DA:205,0
DA:206,0
DA:207,0
DA:210,0
DA:211,0
DA:212,0
DA:218,0
DA:219,0
DA:224,0
DA:230,0
DA:235,0
DA:241,0
DA:247,0
DA:250,0
DA:257,0
DA:258,0
DA:261,0
DA:262,0
DA:263,0
DA:264,0
DA:268,0
DA:269,0
DA:270,0
DA:271,0
DA:275,0
DA:276,0
DA:277,0
DA:281,0
DA:282,0
DA:284,0
DA:288,0
DA:289,0
DA:293,0
DA:298,0
DA:302,0
LF:74
LH:0
BRDA:13,0,0,0
BRDA:13,0,1,0
BRDA:24,1,0,0
BRDA:25,2,0,0
BRDA:25,2,1,0
BRDA:44,3,0,0
BRDA:45,4,0,0
BRDA:45,4,1,0
BRDA:189,5,0,0
BRDA:189,5,1,0
BRDA:219,6,0,0
BRDA:219,6,1,0
BRDA:219,6,2,0
BRDA:219,6,3,0
BRDA:219,6,4,0
BRDA:219,6,5,0
BRDA:219,6,6,0
BRDA:219,6,7,0
BRDA:219,6,8,0
BRDA:219,6,9,0
BRDA:219,6,10,0
BRDA:219,6,11,0
BRDA:219,6,12,0
BRDA:219,6,13,0
BRDA:219,6,14,0
BRDA:261,7,0,0
BRDA:261,7,1,0
BRDA:268,8,0,0
BRDA:268,8,1,0
BRDA:275,9,0,0
BRDA:275,9,1,0
BRDA:281,10,0,0
BRDA:281,10,1,0
BRDA:282,11,0,0
BRDA:282,11,1,0
BRF:35
BRH:0
end_of_record
TN:
SF:src/utils/pagination.ts
FN:41,parsePaginationParams
FN:56,parseCursorPaginationParams
FN:69,createPaginatedResponse
FN:94,createCursorPaginatedResponse
FN:123,encodeCursor
FN:130,decodeCursor
FN:141,buildCursorQuery
FN:173,getCacheKey
FN:193,sanitizeLimit
FN:202,sanitizePage
FNF:10
FNH:1
FNDA:0,parsePaginationParams
FNDA:2,parseCursorPaginationParams
FNDA:0,createPaginatedResponse
FNDA:0,createCursorPaginatedResponse
FNDA:0,encodeCursor
FNDA:0,decodeCursor
FNDA:0,buildCursorQuery
FNDA:0,getCacheKey
FNDA:0,sanitizeLimit
FNDA:0,sanitizePage
DA:41,1
DA:46,0
DA:47,0
DA:48,0
DA:50,0
DA:56,1
DA:60,2
DA:61,2
DA:63,2
DA:69,1
DA:75,0
DA:76,0
DA:78,0
DA:94,1
DA:100,0
DA:103,0
DA:106,0
DA:107,0
DA:109,0
DA:123,1
DA:124,0
DA:130,1
DA:131,0
DA:132,0
DA:134,0
DA:141,1
DA:148,0
DA:149,0
DA:152,0
DA:153,0
DA:154,0
DA:155,0
DA:156,0
DA:157,0
DA:164,0
DA:165,0
DA:167,0
DA:173,1
DA:174,0
DA:175,0
DA:177,0
DA:178,0
DA:184,1
DA:193,1
DA:194,0
DA:195,0
DA:196,0
DA:202,1
DA:203,0
DA:204,0
DA:205,0
LF:51
LH:14
BRDA:46,0,0,0
BRDA:46,0,1,0
BRDA:47,1,0,0
BRDA:47,1,1,0
BRDA:60,2,0,2
BRDA:60,2,1,1
BRDA:97,3,0,0
BRDA:103,4,0,0
BRDA:103,4,1,0
BRDA:106,5,0,0
BRDA:106,5,1,0
BRDA:106,6,0,0
BRDA:106,6,1,0
BRDA:107,7,0,0
BRDA:107,7,1,0
BRDA:144,8,0,0
BRDA:145,9,0,0
BRDA:146,10,0,0
BRDA:152,11,0,0
BRDA:152,11,1,0
BRDA:155,12,0,0
BRDA:155,12,1,0
BRDA:174,13,0,0
BRDA:174,13,1,0
BRDA:174,14,0,0
BRDA:174,14,1,0
BRDA:175,15,0,0
BRDA:175,15,1,0
BRDA:177,16,0,0
BRDA:177,16,1,0
BRDA:178,17,0,0
BRDA:178,17,1,0
BRDA:178,18,0,0
BRDA:178,18,1,0
BRDA:194,19,0,0
BRDA:194,19,1,0
BRDA:195,20,0,0
BRDA:195,20,1,0
BRDA:195,21,0,0
BRDA:195,21,1,0
BRDA:203,22,0,0
BRDA:203,22,1,0
BRDA:204,23,0,0
BRDA:204,23,1,0
BRDA:204,24,0,0
BRDA:204,24,1,0
BRDA:204,24,2,0
BRF:47
BRH:2
end_of_record
TN:
SF:src/utils/performance.ts
FN:16,(anonymous_0)
FN:23,(anonymous_1)
FN:30,(anonymous_2)
FN:37,(anonymous_3)
FN:44,(anonymous_4)
FN:55,(anonymous_5)
FN:67,performanceMiddleware
FN:74,(anonymous_7)
FN:100,measureTime
FN:101,(anonymous_9)
FN:108,(anonymous_10)
FN:151,(anonymous_11)
FN:172,(anonymous_12)
FN:187,(anonymous_13)
FN:188,(anonymous_14)
FN:198,(anonymous_15)
FN:208,logMemoryUsage
FN:240,meetsPerformanceTarget
FN:255,createPerformanceReport
FN:266,processBatch
FN:281,(anonymous_20)
FN:291,debounce
FN:297,(anonymous_22)
FN:302,(anonymous_23)
FN:311,throttle
FN:317,(anonymous_25)
FNF:26
FNH:5
FNDA:3,(anonymous_0)
FNDA:7,(anonymous_1)
FNDA:1,(anonymous_2)
FNDA:1,(anonymous_3)
FNDA:0,(anonymous_4)
FNDA:1,(anonymous_5)
FNDA:0,performanceMiddleware
FNDA:0,(anonymous_7)
FNDA:0,measureTime
FNDA:0,(anonymous_9)
FNDA:0,(anonymous_10)
FNDA:0,(anonymous_11)
FNDA:0,(anonymous_12)
FNDA:0,(anonymous_13)
FNDA:0,(anonymous_14)
FNDA:0,(anonymous_15)
FNDA:0,logMemoryUsage
FNDA:0,meetsPerformanceTarget
FNDA:0,createPerformanceReport
FNDA:0,processBatch
FNDA:0,(anonymous_20)
FNDA:0,debounce
FNDA:0,(anonymous_22)
FNDA:0,(anonymous_23)
FNDA:0,throttle
FNDA:0,(anonymous_25)
DA:2,1
DA:12,1
DA:14,3
DA:17,3
DA:24,7
DA:31,1
DA:38,1
DA:45,0
DA:46,0
DA:48,0
DA:49,0
DA:56,1
DA:67,1
DA:68,0
DA:71,0
DA:74,0
DA:75,0
DA:78,0
DA:79,0
DA:88,0
DA:91,0
DA:94,0
DA:100,1
DA:101,0
DA:106,0
DA:108,0
DA:109,0
DA:110,0
DA:111,0
DA:112,0
DA:114,0
DA:115,0
DA:122,0
DA:124,0
DA:125,0
DA:131,0
DA:135,0
DA:142,1
DA:147,1
DA:149,1
DA:152,0
DA:159,0
DA:160,0
DA:167,0
DA:168,0
DA:178,0
DA:179,0
DA:187,0
DA:188,0
DA:190,0
DA:199,0
DA:203,1
DA:208,1
DA:209,0
DA:211,0
DA:222,1
DA:240,1
DA:241,0
DA:255,1
DA:256,0
DA:266,1
DA:272,0
DA:274,0
DA:275,0
DA:276,0
DA:277,0
DA:280,0
DA:281,0
DA:285,0
DA:291,1
DA:295,0
DA:297,0
DA:298,0
DA:299,0
DA:302,0
DA:303,0
DA:311,1
DA:315,0
DA:317,0
DA:318,0
DA:320,0
DA:321,0
DA:322,0
LF:83
LH:21
BRDA:48,0,0,0
BRDA:48,0,1,0
BRDA:48,1,0,0
BRDA:48,1,1,0
BRDA:78,2,0,0
BRDA:78,2,1,0
BRDA:114,3,0,0
BRDA:114,3,1,0
BRDA:159,4,0,0
BRDA:159,4,1,0
BRDA:167,5,0,0
BRDA:167,5,1,0
BRDA:178,6,0,0
BRDA:178,6,1,0
BRDA:270,7,0,0
BRDA:280,8,0,0
BRDA:280,8,1,0
BRDA:280,9,0,0
BRDA:280,9,1,0
BRDA:298,10,0,0
BRDA:298,10,1,0
BRDA:320,11,0,0
BRDA:320,11,1,0
BRF:23
BRH:0
end_of_record
